#
# An unexpected error has been detected by HotSpot Virtual Machine:
#
#  SIGSEGV (0xb) at pc=0xad6deeb6, pid=18506, tid=4159908544
#
# Java VM: Java HotSpot(TM) Server VM (1.5.0_04-b05 mixed mode)
# Problematic frame:
# C  [libwslicense.so+0xb4eb6]  nnllCu+0xca
#

---------------  T H R E A D  ---------------

Current thread (0x09badb28):  JavaThread "main" [_thread_in_native, id=18506]

siginfo:si_signo=11, si_errno=0, si_code=1, si_addr=0x00000000

Registers:
EAX=0xffbf0760, EBX=0xad77beac, ECX=0xad4ff000, EDX=0x00000000
ESP=0xffbf0758, EBP=0xffbf1384, ESI=0x00004440, EDI=0xffbf50d4
EIP=0xad6deeb6, CR2=0x00000000, EFLAGS=0x00010282

Top of Stack: (sp=0xffbf0758)
0xffbf0758:   00000000 ad77beac 00000000 00000000
0xffbf0768:   00000000 00000000 00000000 00000000
0xffbf0778:   00000000 00000000 00000000 00000000
0xffbf0788:   00000000 00000000 00000000 00000000
0xffbf0798:   00000000 00000000 00000000 00000000
0xffbf07a8:   00000000 00000000 00000000 00000000
0xffbf07b8:   00000000 00000000 00000000 00000000
0xffbf07c8:   ffbf1a6c ffbf50d4 ffbf140c ad743b1c 

Instructions: (pc=0xad6deeb6)
0xad6deea6:   00 74 27 8b 45 fc 8b 50 0c 52 8b 45 fc 8b 50 10
0xad6deeb6:   8b 02 50 8b 45 f0 83 c0 04 50 e8 3f 3c f6 ff 83 

Stack: [0xff9fc000,0xffbfc000),  sp=0xffbf0758,  free space=2001k
Native frames: (J=compiled Java code, j=interpreted, Vv=VM code, C=native code)
C  [libwslicense.so+0xb4eb6]  nnllCu+0xca
C  [libwslicense.so+0x99da0]
C  [libwslicense.so+0x99c2a]  bXF3YF+0x13a
C  [libwslicense.so+0xa604f]
C  [libwslicense.so+0xa5e64]  ahAdHL+0x12c
C  [libwslicense.so+0xa5bb9]  fCzBTu+0x139
C  [libwslicense.so+0xea1bd]
C  [libwslicense.so+0xe83b8]
C  [libwslicense.so+0xe79dd]  c_2GIW+0x175
C  [libwslicense.so+0xe77a3]  xcDKeZ+0xa3
C  [libwslicense.so+0xdda54]  dspqj9+0x58a
C  [libwslicense.so+0xde0ee]  zCQJE7+0x5b
C  [libwslicense.so+0xded5e]  kCc1gQ+0x119
C  [libwslicense.so+0x19ecc]  Java_COM_cadence_awd_license_License_checkLicense+0x4c
j  COM.cadence.awd.license.License.checkLicense(Ljava/lang/String;D)Z+0
j  COM.cadence.awd.license.License.doLicenseCheck([Ljava/lang/String;[LCOM/cadence/awd/license/Product;)Z+32
j  COM.cadence.awd.session.ApplicationManager.main([Ljava/lang/String;)V+346
v  ~StubRoutines::call_stub
V  [libjvm.so+0x25174c]
V  [libjvm.so+0x3f1058]
V  [libjvm.so+0x25157f]
V  [libjvm.so+0x2748c2]
V  [libjvm.so+0x269087]
C  [java+0x17fe]
C  [libc.so.6+0x15edc]  __libc_start_main+0xdc

Java frames: (J=compiled Java code, j=interpreted, Vv=VM code)
j  COM.cadence.awd.license.License.checkLicense(Ljava/lang/String;D)Z+0
j  COM.cadence.awd.license.License.doLicenseCheck([Ljava/lang/String;[LCOM/cadence/awd/license/Product;)Z+32
j  COM.cadence.awd.session.ApplicationManager.main([Ljava/lang/String;)V+346
v  ~StubRoutines::call_stub

---------------  P R O C E S S  ---------------

Java Threads: ( => current thread )
  0x09c710f0 JavaThread "Low Memory Detector" daemon [_thread_blocked, id=18534]
  0x09c6fc30 JavaThread "CompilerThread1" daemon [_thread_blocked, id=18533]
  0x09c6eb98 JavaThread "CompilerThread0" daemon [_thread_blocked, id=18532]
  0x09c6da20 JavaThread "AdapterThread" daemon [_thread_blocked, id=18531]
  0x09c6cae0 JavaThread "Signal Dispatcher" daemon [_thread_blocked, id=18530]
  0x09c62420 JavaThread "Finalizer" daemon [_thread_blocked, id=18528]
  0x09c616d0 JavaThread "Reference Handler" daemon [_thread_blocked, id=18527]
=>0x09badb28 JavaThread "main" [_thread_in_native, id=18506]

Other Threads:
  0x09c5d350 VMThread [id=18526]
  0x09c725c8 WatcherThread [id=18535]

VM state:not at safepoint (normal execution)

VM Mutex/Monitor currently owned by a thread: None

Heap
 PSYoungGen      total 10752K, used 930K [0xeb800000, 0xec400000, 0xf29c0000)
  eden space 9216K, 10% used [0xeb800000,0xeb8e88c8,0xec100000)
  from space 1536K, 0% used [0xec280000,0xec280000,0xec400000)
  to   space 1536K, 0% used [0xec100000,0xec100000,0xec280000)
 PSOldGen        total 24576K, used 0K [0xb29c0000, 0xb41c0000, 0xeb800000)
  object space 24576K, 0% used [0xb29c0000,0xb29c0000,0xb41c0000)
 PSPermGen       total 24576K, used 2895K [0xaf9c0000, 0xb11c0000, 0xb29c0000)
  object space 24576K, 11% used [0xaf9c0000,0xafc93c58,0xb11c0000)

Dynamic libraries:
00aa8000-00ac3000 r-xp 00000000 fd:00 983869                             /lib/ld-2.5.so
00ac3000-00ac4000 r-xp 0001a000 fd:00 983869                             /lib/ld-2.5.so
00ac4000-00ac5000 rwxp 0001b000 fd:00 983869                             /lib/ld-2.5.so
00ac7000-00c1d000 r-xp 00000000 fd:00 983046                             /lib/libc-2.5.so
00c1d000-00c1f000 r-xp 00156000 fd:00 983046                             /lib/libc-2.5.so
00c1f000-00c20000 rwxp 00158000 fd:00 983046                             /lib/libc-2.5.so
00c20000-00c23000 rwxp 00c20000 00:00 0 
00c25000-00c3b000 r-xp 00000000 fd:00 983092                             /lib/libpthread-2.5.so
00c3b000-00c3c000 r-xp 00015000 fd:00 983092                             /lib/libpthread-2.5.so
00c3c000-00c3d000 rwxp 00016000 fd:00 983092                             /lib/libpthread-2.5.so
00c3d000-00c3f000 rwxp 00c3d000 00:00 0 
00c41000-00c44000 r-xp 00000000 fd:00 983853                             /lib/libdl-2.5.so
00c44000-00c45000 r-xp 00002000 fd:00 983853                             /lib/libdl-2.5.so
00c45000-00c46000 rwxp 00003000 fd:00 983853                             /lib/libdl-2.5.so
00c4e000-00c63000 r-xp 00000000 fd:00 983050                             /lib/libnsl-2.5.so
00c63000-00c64000 r-xp 00014000 fd:00 983050                             /lib/libnsl-2.5.so
00c64000-00c65000 rwxp 00015000 fd:00 983050                             /lib/libnsl-2.5.so
00c65000-00c67000 rwxp 00c65000 00:00 0 
00ca3000-00cca000 r-xp 00000000 fd:00 983874                             /lib/libm-2.5.so
00cca000-00ccb000 r-xp 00026000 fd:00 983874                             /lib/libm-2.5.so
00ccb000-00ccc000 rwxp 00027000 fd:00 983874                             /lib/libm-2.5.so
08048000-08056000 r-xp 00000000 00:19 8435289                            /Net/u_ece.ece/usr/ece/cadence.Linux/IC50.46.006/tools.lnx86/jre1.50/bin/java
08056000-08058000 rwxp 0000e000 00:19 8435289                            /Net/u_ece.ece/usr/ece/cadence.Linux/IC50.46.006/tools.lnx86/jre1.50/bin/java
09ba9000-09dab000 rwxp 09ba9000 00:00 0                                  [heap]
ad4ff000-ad534000 r-xs 00000000 fd:02 4718632                            /var/run/nscd/dbDxnaYu (deleted)
ad534000-ad541000 r-xp 00000000 00:19 7830390                            /Net/u_ece.ece/usr/ece/cadence.Linux/IC50.46.006/tools.lnx86/lib/libcls_sh.so
ad541000-ad543000 rwxp 0000c000 00:19 7830390                            /Net/u_ece.ece/usr/ece/cadence.Linux/IC50.46.006/tools.lnx86/lib/libcls_sh.so
ad543000-ad5dd000 r-xp 00000000 00:19 7830551                            /Net/u_ece.ece/usr/ece/cadence.Linux/IC50.46.006/tools.lnx86/lib/libstdc++.so.5.0.3
ad5dd000-ad5f2000 rwxp 00099000 00:19 7830551                            /Net/u_ece.ece/usr/ece/cadence.Linux/IC50.46.006/tools.lnx86/lib/libstdc++.so.5.0.3
ad5f2000-ad5f7000 rwxp ad5f2000 00:00 0 
ad5f7000-ad605000 r-xp 00000000 00:19 7830385                            /Net/u_ece.ece/usr/ece/cadence.Linux/IC50.46.006/tools.lnx86/lib/libcdsCommon_sh.so
ad605000-ad606000 ---p 0000e000 00:19 7830385                            /Net/u_ece.ece/usr/ece/cadence.Linux/IC50.46.006/tools.lnx86/lib/libcdsCommon_sh.so
ad606000-ad607000 rwxp 0000e000 00:19 7830385                            /Net/u_ece.ece/usr/ece/cadence.Linux/IC50.46.006/tools.lnx86/lib/libcdsCommon_sh.so
ad607000-ad60a000 rwxp ad607000 00:00 0 
ad60a000-ad625000 r-xp 00000000 00:19 7829704                            /Net/u_ece.ece/usr/ece/cadence.Linux/IC50.46.006/tools.lnx86/lib/libvirtuos_sh.so
ad625000-ad627000 rwxp 0001a000 00:19 7829704                            /Net/u_ece.ece/usr/ece/cadence.Linux/IC50.46.006/tools.lnx86/lib/libvirtuos_sh.so
ad627000-ad62a000 rwxp ad627000 00:00 0 
ad62a000-ad770000 r-xp 00000000 00:19 7847247                            /Net/u_ece.ece/usr/ece/cadence.Linux/IC50.46.006/tools.lnx86/dfII/lib/libwslicense.so
ad770000-ad77e000 rwxp 00146000 00:19 7847247                            /Net/u_ece.ece/usr/ece/cadence.Linux/IC50.46.006/tools.lnx86/dfII/lib/libwslicense.so
ad77e000-ad79e000 rwxp ad77e000 00:00 0 
ad79e000-ad7d0000 r-xs 00000000 00:19 8326407                            /Net/u_ece.ece/usr/ece/cadence.Linux/IC50.46.006/share/java/jai-1_1_1_01/lib/jai_codec.jar
ad7d0000-ad7d7000 r-xs 00000000 00:19 7830273                            /Net/u_ece.ece/usr/ece/cadence.Linux/IC50.46.006/share/java/jaxp.jar
ad7d7000-ad805000 r-xs 00000000 00:19 7830272                            /Net/u_ece.ece/usr/ece/cadence.Linux/IC50.46.006/share/java/crimson.jar
ad805000-ad873000 r-xs 00000000 00:19 7830111                            /Net/u_ece.ece/usr/ece/cadence.Linux/IC50.46.006/share/java/symphony.jar
ad873000-ad8b8000 r-xs 00000000 00:19 7831027                            /Net/u_ece.ece/usr/ece/cadence.Linux/IC50.46.006/share/java/wsutil.jar
ad8b8000-adae1000 r-xs 00000000 00:19 7831026                            /Net/u_ece.ece/usr/ece/cadence.Linux/IC50.46.006/share/java/wavescan.jar
adae1000-adb0a000 r-xs 00000000 00:19 7830699                            /Net/u_ece.ece/usr/ece/cadence.Linux/IC50.46.006/share/java/srr.jar
adb0a000-adbcd000 r-xs 00000000 00:19 8435364                            /Net/u_ece.ece/usr/ece/cadence.Linux/IC50.46.006/tools.lnx86/jre1.50/lib/ext/localedata.jar
adbcd000-adbf8000 r-xs 00000000 00:19 8435362                            /Net/u_ece.ece/usr/ece/cadence.Linux/IC50.46.006/tools.lnx86/jre1.50/lib/ext/sunpkcs11.jar
adbf8000-adbf9000 ---p adbf8000 00:00 0 
adbf9000-adc79000 rwxp adbf9000 00:00 0 
adc79000-adc7c000 ---p adc79000 00:00 0 
adc7c000-ae17a000 rwxp adc7c000 00:00 0 
ae17a000-ae17d000 ---p ae17a000 00:00 0 
ae17d000-ae1fb000 rwxp ae17d000 00:00 0 
ae1fb000-ae1fe000 ---p ae1fb000 00:00 0 
ae1fe000-ae27c000 rwxp ae1fe000 00:00 0 
ae27c000-ae27f000 ---p ae27c000 00:00 0 
ae27f000-ae2fd000 rwxp ae27f000 00:00 0 
ae2fd000-ae300000 ---p ae2fd000 00:00 0 
ae300000-ae7fe000 rwxp ae300000 00:00 0 
ae7fe000-ae801000 ---p ae7fe000 00:00 0 
ae801000-aecff000 rwxp ae801000 00:00 0 
aecff000-aed02000 ---p aecff000 00:00 0 
aed02000-af28f000 rwxp aed02000 00:00 0 
af28f000-af300000 ---p af28f000 00:00 0 
af30e000-af31c000 r-xs 00000000 00:19 7830698                            /Net/u_ece.ece/usr/ece/cadence.Linux/IC50.46.006/share/java/cds_srr.jar
af31c000-af342000 r-xs 00000000 00:19 8435361                            /Net/u_ece.ece/usr/ece/cadence.Linux/IC50.46.006/tools.lnx86/jre1.50/lib/ext/sunjce_provider.jar
af342000-af343000 ---p af342000 00:00 0 
af343000-af3c3000 rwxp af343000 00:00 0 
af3c3000-af3c4000 ---p af3c3000 00:00 0 
af3c4000-af444000 rwxp af3c4000 00:00 0 
af444000-af445000 ---p af444000 00:00 0 
af445000-af4c5000 rwxp af445000 00:00 0 
af4c5000-af4c6000 ---p af4c5000 00:00 0 
af4c6000-af546000 rwxp af4c6000 00:00 0 
af546000-af547000 ---p af546000 00:00 0 
af547000-af5d3000 rwxp af547000 00:00 0 
af5d3000-af5df000 rwxp af5d3000 00:00 0 
af5df000-af5eb000 rwxp af5df000 00:00 0 
af5eb000-af7a7000 rwxp af5eb000 00:00 0 
af7a7000-af7b3000 rwxp af7a7000 00:00 0 
af7b3000-af7bf000 rwxp af7b3000 00:00 0 
af7bf000-af7cb000 rwxp af7bf000 00:00 0 
af7cb000-af986000 rwxp af7cb000 00:00 0 
af986000-af98d000 rwxp af986000 00:00 0 
af98d000-af9bf000 rwxp af98d000 00:00 0 
af9bf000-b11c0000 rwxp af9bf000 00:00 0 
b11c0000-b29c0000 rwxp b11c0000 00:00 0 
b29c0000-b41c0000 rwxp b29c0000 00:00 0 
b41c0000-eb800000 rwxp b41c0000 00:00 0 
eb800000-ec400000 rwxp eb800000 00:00 0 
ec400000-f29c0000 rwxp ec400000 00:00 0 
f29c3000-f29ca000 r-xp 00000000 00:19 7830548                            /Net/u_ece.ece/usr/ece/cadence.Linux/IC50.46.006/tools.lnx86/lib/libgcc_s.so.1
f29ca000-f29cb000 rwxp 00007000 00:19 7830548                            /Net/u_ece.ece/usr/ece/cadence.Linux/IC50.46.006/tools.lnx86/lib/libgcc_s.so.1
f29cb000-f29cc000 r-xp 00000000 00:19 7830392                            /Net/u_ece.ece/usr/ece/cadence.Linux/IC50.46.006/tools.lnx86/lib/libfastt_sh.so
f29cc000-f29cd000 rwxp 00000000 00:19 7830392                            /Net/u_ece.ece/usr/ece/cadence.Linux/IC50.46.006/tools.lnx86/lib/libfastt_sh.so
f29cd000-f29cf000 r-xs 00000000 00:19 8435363                            /Net/u_ece.ece/usr/ece/cadence.Linux/IC50.46.006/tools.lnx86/jre1.50/lib/ext/dnsns.jar
f29cf000-f29d1000 rwxp f29cf000 00:00 0 
f29d1000-f2a4f000 rwxp f29d1000 00:00 0 
f2a4f000-f2a97000 rwxp f2a4f000 00:00 0 
f2a97000-f4a4f000 rwxp f2a97000 00:00 0 
f4a4f000-f526d000 r-xs 00000000 00:19 8435924                            /Net/u_ece.ece/usr/ece/cadence.Linux/IC50.46.006/tools.lnx86/jre1.50/lib/charsets.jar
f526d000-f5281000 r-xs 00000000 00:19 8435365                            /Net/u_ece.ece/usr/ece/cadence.Linux/IC50.46.006/tools.lnx86/jre1.50/lib/jce.jar
f5281000-f52fa000 r-xs 00000000 00:19 8435927                            /Net/u_ece.ece/usr/ece/cadence.Linux/IC50.46.006/tools.lnx86/jre1.50/lib/jsse.jar
f52fa000-f5363000 rwxp f52fa000 00:00 0 
f5363000-f7546000 r-xs 00000000 00:19 8435926                            /Net/u_ece.ece/usr/ece/cadence.Linux/IC50.46.006/tools.lnx86/jre1.50/lib/rt.jar
f7546000-f7559000 r-xp 00000000 00:19 8435328                            /Net/u_ece.ece/usr/ece/cadence.Linux/IC50.46.006/tools.lnx86/jre1.50/lib/i386/libzip.so
f7559000-f755b000 rwxp 00012000 00:19 8435328                            /Net/u_ece.ece/usr/ece/cadence.Linux/IC50.46.006/tools.lnx86/jre1.50/lib/i386/libzip.so
f755b000-f757c000 r-xp 00000000 00:19 8435326                            /Net/u_ece.ece/usr/ece/cadence.Linux/IC50.46.006/tools.lnx86/jre1.50/lib/i386/libjava.so
f757c000-f757e000 rwxp 00020000 00:19 8435326                            /Net/u_ece.ece/usr/ece/cadence.Linux/IC50.46.006/tools.lnx86/jre1.50/lib/i386/libjava.so
f757e000-f75b3000 r-xs 00000000 fd:02 4718630                            /var/run/nscd/db9KXxqD (deleted)
f75b3000-f7aba000 r-xp 00000000 00:19 8435311                            /Net/u_ece.ece/usr/ece/cadence.Linux/IC50.46.006/tools.lnx86/jre1.50/lib/i386/server/libjvm.so
f7aba000-f7b1c000 rwxp 00506000 00:19 8435311                            /Net/u_ece.ece/usr/ece/cadence.Linux/IC50.46.006/tools.lnx86/jre1.50/lib/i386/server/libjvm.so
f7b1c000-f7f33000 rwxp f7b1c000 00:00 0 
f7f33000-f7f3e000 r-xp 00000000 00:19 8435324                            /Net/u_ece.ece/usr/ece/cadence.Linux/IC50.46.006/tools.lnx86/jre1.50/lib/i386/libverify.so
f7f3e000-f7f3f000 rwxp 0000b000 00:19 8435324                            /Net/u_ece.ece/usr/ece/cadence.Linux/IC50.46.006/tools.lnx86/jre1.50/lib/i386/libverify.so
f7f3f000-f7f47000 rwxs 00000000 fd:00 65605                              /tmp/hsperfdata_ywu37/18506
f7f47000-f7f4d000 r-xp 00000000 00:19 8435309                            /Net/u_ece.ece/usr/ece/cadence.Linux/IC50.46.006/tools.lnx86/jre1.50/lib/i386/native_threads/libhpi.so
f7f4d000-f7f4e000 rwxp 00006000 00:19 8435309                            /Net/u_ece.ece/usr/ece/cadence.Linux/IC50.46.006/tools.lnx86/jre1.50/lib/i386/native_threads/libhpi.so
f7f4e000-f7f4f000 rwxp f7f4e000 00:00 0 
f7f4f000-f7f50000 r-xp f7f4f000 00:00 0 
f7f50000-f7f51000 rwxp f7f50000 00:00 0 
ff9fc000-ff9ff000 ---p ff9fc000 00:00 0 
ffa00000-ffbfc000 rwxp 7fffffe02000 00:00 0                              [stack]
ffffe000-fffff000 r-xp ffffe000 00:00 0 

VM Arguments:
jvm_args: -Dclient.xserver.version=11603000 -Dclient.xserver.vendor=Moba/X -Xss5M -Xms36M -Xmx1024M -XX:PermSize=24M -XX:MaxPermSize=48M -XX:NewSize=12M -Dswing.metalTheme=steel
java_command: COM.cadence.awd.session.ApplicationManager -log ade_wavescan.log -noui -exprlang Skill -mpssession icfb18474 -mpshost laplace

Environment Variables:
JAVA_HOME=
LD_LIBRARY_PATH=/Net/u_ece.ece/usr/ece/cadence.Linux/IC50.46.006/tools.lnx86/jre1.50/lib/i386/server:/Net/u_ece.ece/usr/ece/cadence.Linux/IC50.46.006/tools.lnx86/jre1.50/lib/i386:/Net/u_ece.ece/usr/ece/cadence.Linux/IC50.46.006/tools.lnx86/jre1.50/../lib/i386:/Amd/ece/cadence.Linux/IC50.46.006/share/java/COM/cadence/awd/skill/cmdlang/il:/Amd/ece/cadence.Linux/IC50.46.006/tools/dfII/lib:/Amd/ece/cadence.Linux/IC50.46.006/tools/mdl/lib:/Amd/ece/cadence.Linux/IC50.46.006/tools/mdl/expr/lib:/Amd/ece/cadence.Linux/IC50.46.006/tools/lib:/Amd/ece/cadence.Linux/IC50.46.006
SHELL=/bin/csh
DISPLAY=localhost:10.0
HOSTTYPE=x86_64-linux
OSTYPE=linux
MACHTYPE=x86_64

Signal Handlers:
SIGSEGV: [libjvm.so+0x4b8860], sa_mask[0]=0x7ffbfeff, sa_flags=0x10000004
SIGBUS: [libjvm.so+0x4b8860], sa_mask[0]=0x7ffbfeff, sa_flags=0x10000004
SIGFPE: [libjvm.so+0x3f00a0], sa_mask[0]=0x7ffbfeff, sa_flags=0x10000004
SIGPIPE: [libjvm.so+0x3f00a0], sa_mask[0]=0x00000000, sa_flags=0x00000000
SIGILL: [libjvm.so+0x3f00a0], sa_mask[0]=0x7ffbfeff, sa_flags=0x10000004
SIGUSR1: SIG_DFL, sa_mask[0]=0x00000000, sa_flags=0x00000000
SIGUSR2: [libjvm.so+0x3f23e0], sa_mask[0]=0x00000000, sa_flags=0x10000004
SIGHUP: [libjvm.so+0x3f1e10], sa_mask[0]=0x7ffbfeff, sa_flags=0x10000004
SIGINT: [libjvm.so+0x3f1e10], sa_mask[0]=0x7ffbfeff, sa_flags=0x10000004
SIGQUIT: [libjvm.so+0x3f1e10], sa_mask[0]=0x7ffbfeff, sa_flags=0x10000004
SIGTERM: [libjvm.so+0x3f1e10], sa_mask[0]=0x7ffbfeff, sa_flags=0x10000004


---------------  S Y S T E M  ---------------

OS:CentOS release 5.11 (Final)

uname:Linux 2.6.18-417.el5 #1 SMP Tue Dec 20 13:11:30 UTC 2016 x86_64
libc:glibc 2.5 NPTL 2.5 
rlimit: STACK 10240k, CORE 0k, NPROC 96116, NOFILE 65526, AS infinity
load average:0.00 0.00 0.00

CPU:total 4 family 79, cmov, cx8, fxsr, mmx, sse, sse2, ht

Memory: 4k page, physical 3004k(39k free), swap 12799k(12799k free)

vm_info: Java HotSpot(TM) Server VM (1.5.0_04-b05) for linux-x86, built on Jun  3 2005 02:09:05 by java_re with gcc 3.2.1-7a (J2SE release)

