#
# An unexpected error has been detected by HotSpot Virtual Machine:
#
#  SIGSEGV (0xb) at pc=0xad540eb6, pid=17265, tid=4160015040
#
# Java VM: Java HotSpot(TM) Server VM (1.5.0_04-b05 mixed mode)
# Problematic frame:
# C  [libwslicense.so+0xb4eb6]  nnllCu+0xca
#

---------------  T H R E A D  ---------------

Current thread (0x08b44b28):  JavaThread "main" [_thread_in_native, id=17265]

siginfo:si_signo=11, si_errno=0, si_code=1, si_addr=0x00000000

Registers:
EAX=0xffb2e3c0, EBX=0xad5ddeac, ECX=0xad744000, EDX=0x00000000
ESP=0xffb2e3b8, EBP=0xffb2efe4, ESI=0x00004440, EDI=0xffb32d34
EIP=0xad540eb6, CR2=0x00000000, EFLAGS=0x00010282

Top of Stack: (sp=0xffb2e3b8)
0xffb2e3b8:   00000000 ad5ddeac 00000000 00000000
0xffb2e3c8:   00000000 00000000 00000000 00000000
0xffb2e3d8:   00000000 00000000 00000000 00000000
0xffb2e3e8:   00000000 00000000 00000000 00000000
0xffb2e3f8:   00000000 00000000 00000000 00000000
0xffb2e408:   00000000 00000000 00000000 00000000
0xffb2e418:   00000000 00000000 00000000 00000000
0xffb2e428:   ffb2f6cc ffb32d34 ffb2f06c ad5a5b1c 

Instructions: (pc=0xad540eb6)
0xad540ea6:   00 74 27 8b 45 fc 8b 50 0c 52 8b 45 fc 8b 50 10
0xad540eb6:   8b 02 50 8b 45 f0 83 c0 04 50 e8 3f 3c f6 ff 83 

Stack: [0xff939000,0xffb39000),  sp=0xffb2e3b8,  free space=2004k
Native frames: (J=compiled Java code, j=interpreted, Vv=VM code, C=native code)
C  [libwslicense.so+0xb4eb6]  nnllCu+0xca
C  [libwslicense.so+0x99da0]
C  [libwslicense.so+0x99c2a]  bXF3YF+0x13a
C  [libwslicense.so+0xa604f]
C  [libwslicense.so+0xa5e64]  ahAdHL+0x12c
C  [libwslicense.so+0xa5bb9]  fCzBTu+0x139
C  [libwslicense.so+0xea1bd]
C  [libwslicense.so+0xe83b8]
C  [libwslicense.so+0xe79dd]  c_2GIW+0x175
C  [libwslicense.so+0xe77a3]  xcDKeZ+0xa3
C  [libwslicense.so+0xdda54]  dspqj9+0x58a
C  [libwslicense.so+0xde0ee]  zCQJE7+0x5b
C  [libwslicense.so+0xded5e]  kCc1gQ+0x119
C  [libwslicense.so+0x19ecc]  Java_COM_cadence_awd_license_License_checkLicense+0x4c
j  COM.cadence.awd.license.License.checkLicense(Ljava/lang/String;D)Z+0
j  COM.cadence.awd.license.License.doLicenseCheck([Ljava/lang/String;[LCOM/cadence/awd/license/Product;)Z+32
j  COM.cadence.awd.session.ApplicationManager.main([Ljava/lang/String;)V+346
v  ~StubRoutines::call_stub
V  [libjvm.so+0x25174c]
V  [libjvm.so+0x3f1058]
V  [libjvm.so+0x25157f]
V  [libjvm.so+0x2748c2]
V  [libjvm.so+0x269087]
C  [java+0x17fe]
C  [libc.so.6+0x15edc]  __libc_start_main+0xdc

Java frames: (J=compiled Java code, j=interpreted, Vv=VM code)
j  COM.cadence.awd.license.License.checkLicense(Ljava/lang/String;D)Z+0
j  COM.cadence.awd.license.License.doLicenseCheck([Ljava/lang/String;[LCOM/cadence/awd/license/Product;)Z+32
j  COM.cadence.awd.session.ApplicationManager.main([Ljava/lang/String;)V+346
v  ~StubRoutines::call_stub

---------------  P R O C E S S  ---------------

Java Threads: ( => current thread )
  0xaf23b9f8 JavaThread "Low Memory Detector" daemon [_thread_blocked, id=17277]
  0xaf23a5d8 JavaThread "CompilerThread1" daemon [_thread_blocked, id=17276]
  0xaf239618 JavaThread "CompilerThread0" daemon [_thread_blocked, id=17275]
  0xaf238628 JavaThread "AdapterThread" daemon [_thread_blocked, id=17274]
  0xaf2377f0 JavaThread "Signal Dispatcher" daemon [_thread_blocked, id=17273]
  0xaf22e2b8 JavaThread "Finalizer" daemon [_thread_blocked, id=17272]
  0xaf22d5d0 JavaThread "Reference Handler" daemon [_thread_blocked, id=17271]
=>0x08b44b28 JavaThread "main" [_thread_in_native, id=17265]

Other Threads:
  0xaf229288 VMThread [id=17270]
  0xaf23cf98 WatcherThread [id=17278]

VM state:not at safepoint (normal execution)

VM Mutex/Monitor currently owned by a thread: None

Heap
 PSYoungGen      total 10752K, used 930K [0xeb820000, 0xec420000, 0xf29e0000)
  eden space 9216K, 10% used [0xeb820000,0xeb9088c8,0xec120000)
  from space 1536K, 0% used [0xec2a0000,0xec2a0000,0xec420000)
  to   space 1536K, 0% used [0xec120000,0xec120000,0xec2a0000)
 PSOldGen        total 24576K, used 0K [0xb29e0000, 0xb41e0000, 0xeb820000)
  object space 24576K, 0% used [0xb29e0000,0xb29e0000,0xb41e0000)
 PSPermGen       total 24576K, used 2895K [0xaf9e0000, 0xb11e0000, 0xb29e0000)
  object space 24576K, 11% used [0xaf9e0000,0xafcb3c58,0xb11e0000)

Dynamic libraries:
00aa8000-00ac3000 r-xp 00000000 fd:00 983869                             /lib/ld-2.5.so
00ac3000-00ac4000 r-xp 0001a000 fd:00 983869                             /lib/ld-2.5.so
00ac4000-00ac5000 rwxp 0001b000 fd:00 983869                             /lib/ld-2.5.so
00ac7000-00c1d000 r-xp 00000000 fd:00 983046                             /lib/libc-2.5.so
00c1d000-00c1f000 r-xp 00156000 fd:00 983046                             /lib/libc-2.5.so
00c1f000-00c20000 rwxp 00158000 fd:00 983046                             /lib/libc-2.5.so
00c20000-00c23000 rwxp 00c20000 00:00 0 
00c25000-00c3b000 r-xp 00000000 fd:00 983092                             /lib/libpthread-2.5.so
00c3b000-00c3c000 r-xp 00015000 fd:00 983092                             /lib/libpthread-2.5.so
00c3c000-00c3d000 rwxp 00016000 fd:00 983092                             /lib/libpthread-2.5.so
00c3d000-00c3f000 rwxp 00c3d000 00:00 0 
00c41000-00c44000 r-xp 00000000 fd:00 983853                             /lib/libdl-2.5.so
00c44000-00c45000 r-xp 00002000 fd:00 983853                             /lib/libdl-2.5.so
00c45000-00c46000 rwxp 00003000 fd:00 983853                             /lib/libdl-2.5.so
00c4e000-00c63000 r-xp 00000000 fd:00 983050                             /lib/libnsl-2.5.so
00c63000-00c64000 r-xp 00014000 fd:00 983050                             /lib/libnsl-2.5.so
00c64000-00c65000 rwxp 00015000 fd:00 983050                             /lib/libnsl-2.5.so
00c65000-00c67000 rwxp 00c65000 00:00 0 
00ca3000-00cca000 r-xp 00000000 fd:00 983874                             /lib/libm-2.5.so
00cca000-00ccb000 r-xp 00026000 fd:00 983874                             /lib/libm-2.5.so
00ccb000-00ccc000 rwxp 00027000 fd:00 983874                             /lib/libm-2.5.so
08048000-08056000 r-xp 00000000 00:19 8435289                            /Net/u_ece.ece/usr/ece/cadence.Linux/IC50.46.006/tools.lnx86/jre1.50/bin/java
08056000-08058000 rwxp 0000e000 00:19 8435289                            /Net/u_ece.ece/usr/ece/cadence.Linux/IC50.46.006/tools.lnx86/jre1.50/bin/java
08b40000-08c73000 rwxp 08b40000 00:00 0                                  [heap]
ad3d8000-ad472000 r-xp 00000000 00:19 7830551                            /Net/u_ece.ece/usr/ece/cadence.Linux/IC50.46.006/tools.lnx86/lib/libstdc++.so.5.0.3
ad472000-ad487000 rwxp 00099000 00:19 7830551                            /Net/u_ece.ece/usr/ece/cadence.Linux/IC50.46.006/tools.lnx86/lib/libstdc++.so.5.0.3
ad487000-ad48c000 rwxp ad487000 00:00 0 
ad48c000-ad5d2000 r-xp 00000000 00:19 7847247                            /Net/u_ece.ece/usr/ece/cadence.Linux/IC50.46.006/tools.lnx86/dfII/lib/libwslicense.so
ad5d2000-ad5e0000 rwxp 00146000 00:19 7847247                            /Net/u_ece.ece/usr/ece/cadence.Linux/IC50.46.006/tools.lnx86/dfII/lib/libwslicense.so
ad5e0000-ad625000 rwxp ad5e0000 00:00 0 
ad625000-ad700000 ---p ad625000 00:00 0 
ad744000-ad779000 r-xs 00000000 fd:02 4718632                            /var/run/nscd/dbDxnaYu (deleted)
ad779000-ad786000 r-xp 00000000 00:19 7830390                            /Net/u_ece.ece/usr/ece/cadence.Linux/IC50.46.006/tools.lnx86/lib/libcls_sh.so
ad786000-ad788000 rwxp 0000c000 00:19 7830390                            /Net/u_ece.ece/usr/ece/cadence.Linux/IC50.46.006/tools.lnx86/lib/libcls_sh.so
ad788000-ad796000 r-xp 00000000 00:19 7830385                            /Net/u_ece.ece/usr/ece/cadence.Linux/IC50.46.006/tools.lnx86/lib/libcdsCommon_sh.so
ad796000-ad797000 ---p 0000e000 00:19 7830385                            /Net/u_ece.ece/usr/ece/cadence.Linux/IC50.46.006/tools.lnx86/lib/libcdsCommon_sh.so
ad797000-ad798000 rwxp 0000e000 00:19 7830385                            /Net/u_ece.ece/usr/ece/cadence.Linux/IC50.46.006/tools.lnx86/lib/libcdsCommon_sh.so
ad798000-ad79b000 rwxp ad798000 00:00 0 
ad79b000-ad7b6000 r-xp 00000000 00:19 7829704                            /Net/u_ece.ece/usr/ece/cadence.Linux/IC50.46.006/tools.lnx86/lib/libvirtuos_sh.so
ad7b6000-ad7b8000 rwxp 0001a000 00:19 7829704                            /Net/u_ece.ece/usr/ece/cadence.Linux/IC50.46.006/tools.lnx86/lib/libvirtuos_sh.so
ad7b8000-ad7bb000 rwxp ad7b8000 00:00 0 
ad7bb000-ad7ed000 r-xs 00000000 00:19 8326407                            /Net/u_ece.ece/usr/ece/cadence.Linux/IC50.46.006/share/java/jai-1_1_1_01/lib/jai_codec.jar
ad7ed000-ad7f4000 r-xs 00000000 00:19 7830273                            /Net/u_ece.ece/usr/ece/cadence.Linux/IC50.46.006/share/java/jaxp.jar
ad7f4000-ad822000 r-xs 00000000 00:19 7830272                            /Net/u_ece.ece/usr/ece/cadence.Linux/IC50.46.006/share/java/crimson.jar
ad822000-ad890000 r-xs 00000000 00:19 7830111                            /Net/u_ece.ece/usr/ece/cadence.Linux/IC50.46.006/share/java/symphony.jar
ad890000-ad8d5000 r-xs 00000000 00:19 7831027                            /Net/u_ece.ece/usr/ece/cadence.Linux/IC50.46.006/share/java/wsutil.jar
ad8d5000-adafe000 r-xs 00000000 00:19 7831026                            /Net/u_ece.ece/usr/ece/cadence.Linux/IC50.46.006/share/java/wavescan.jar
adafe000-adb0c000 r-xs 00000000 00:19 7830698                            /Net/u_ece.ece/usr/ece/cadence.Linux/IC50.46.006/share/java/cds_srr.jar
adb0c000-adb35000 r-xs 00000000 00:19 7830699                            /Net/u_ece.ece/usr/ece/cadence.Linux/IC50.46.006/share/java/srr.jar
adb35000-adbf8000 r-xs 00000000 00:19 8435364                            /Net/u_ece.ece/usr/ece/cadence.Linux/IC50.46.006/tools.lnx86/jre1.50/lib/ext/localedata.jar
adbf8000-adbf9000 ---p adbf8000 00:00 0 
adbf9000-adc79000 rwxp adbf9000 00:00 0 
adc79000-adc7c000 ---p adc79000 00:00 0 
adc7c000-ae17a000 rwxp adc7c000 00:00 0 
ae17a000-ae17d000 ---p ae17a000 00:00 0 
ae17d000-ae1fb000 rwxp ae17d000 00:00 0 
ae1fb000-ae1fe000 ---p ae1fb000 00:00 0 
ae1fe000-ae27c000 rwxp ae1fe000 00:00 0 
ae27c000-ae27f000 ---p ae27c000 00:00 0 
ae27f000-ae2fd000 rwxp ae27f000 00:00 0 
ae2fd000-ae300000 ---p ae2fd000 00:00 0 
ae300000-ae7fe000 rwxp ae300000 00:00 0 
ae7fe000-ae801000 ---p ae7fe000 00:00 0 
ae801000-aecff000 rwxp ae801000 00:00 0 
aecff000-aed02000 ---p aecff000 00:00 0 
aed02000-af300000 rwxp aed02000 00:00 0 
af309000-af310000 r-xp 00000000 00:19 7830548                            /Net/u_ece.ece/usr/ece/cadence.Linux/IC50.46.006/tools.lnx86/lib/libgcc_s.so.1
af310000-af311000 rwxp 00007000 00:19 7830548                            /Net/u_ece.ece/usr/ece/cadence.Linux/IC50.46.006/tools.lnx86/lib/libgcc_s.so.1
af311000-af33c000 r-xs 00000000 00:19 8435362                            /Net/u_ece.ece/usr/ece/cadence.Linux/IC50.46.006/tools.lnx86/jre1.50/lib/ext/sunpkcs11.jar
af33c000-af362000 r-xs 00000000 00:19 8435361                            /Net/u_ece.ece/usr/ece/cadence.Linux/IC50.46.006/tools.lnx86/jre1.50/lib/ext/sunjce_provider.jar
af362000-af363000 ---p af362000 00:00 0 
af363000-af3e3000 rwxp af363000 00:00 0 
af3e3000-af3e4000 ---p af3e3000 00:00 0 
af3e4000-af464000 rwxp af3e4000 00:00 0 
af464000-af465000 ---p af464000 00:00 0 
af465000-af4e5000 rwxp af465000 00:00 0 
af4e5000-af4e6000 ---p af4e5000 00:00 0 
af4e6000-af566000 rwxp af4e6000 00:00 0 
af566000-af567000 ---p af566000 00:00 0 
af567000-af5f3000 rwxp af567000 00:00 0 
af5f3000-af5ff000 rwxp af5f3000 00:00 0 
af5ff000-af60b000 rwxp af5ff000 00:00 0 
af60b000-af7c7000 rwxp af60b000 00:00 0 
af7c7000-af7d3000 rwxp af7c7000 00:00 0 
af7d3000-af7df000 rwxp af7d3000 00:00 0 
af7df000-af7eb000 rwxp af7df000 00:00 0 
af7eb000-af9a6000 rwxp af7eb000 00:00 0 
af9a6000-af9ad000 rwxp af9a6000 00:00 0 
af9ad000-af9df000 rwxp af9ad000 00:00 0 
af9df000-b11e0000 rwxp af9df000 00:00 0 
b11e0000-b29e0000 rwxp b11e0000 00:00 0 
b29e0000-b41e0000 rwxp b29e0000 00:00 0 
b41e0000-eb820000 rwxp b41e0000 00:00 0 
eb820000-ec420000 rwxp eb820000 00:00 0 
ec420000-f29e0000 rwxp ec420000 00:00 0 
f29e5000-f29e6000 r-xp 00000000 00:19 7830392                            /Net/u_ece.ece/usr/ece/cadence.Linux/IC50.46.006/tools.lnx86/lib/libfastt_sh.so
f29e6000-f29e7000 rwxp 00000000 00:19 7830392                            /Net/u_ece.ece/usr/ece/cadence.Linux/IC50.46.006/tools.lnx86/lib/libfastt_sh.so
f29e7000-f29e9000 r-xs 00000000 00:19 8435363                            /Net/u_ece.ece/usr/ece/cadence.Linux/IC50.46.006/tools.lnx86/jre1.50/lib/ext/dnsns.jar
f29e9000-f29eb000 rwxp f29e9000 00:00 0 
f29eb000-f2a69000 rwxp f29eb000 00:00 0 
f2a69000-f2ab1000 rwxp f2a69000 00:00 0 
f2ab1000-f4a69000 rwxp f2ab1000 00:00 0 
f4a69000-f5287000 r-xs 00000000 00:19 8435924                            /Net/u_ece.ece/usr/ece/cadence.Linux/IC50.46.006/tools.lnx86/jre1.50/lib/charsets.jar
f5287000-f529b000 r-xs 00000000 00:19 8435365                            /Net/u_ece.ece/usr/ece/cadence.Linux/IC50.46.006/tools.lnx86/jre1.50/lib/jce.jar
f529b000-f5314000 r-xs 00000000 00:19 8435927                            /Net/u_ece.ece/usr/ece/cadence.Linux/IC50.46.006/tools.lnx86/jre1.50/lib/jsse.jar
f5314000-f537d000 rwxp f5314000 00:00 0 
f537d000-f7560000 r-xs 00000000 00:19 8435926                            /Net/u_ece.ece/usr/ece/cadence.Linux/IC50.46.006/tools.lnx86/jre1.50/lib/rt.jar
f7560000-f7573000 r-xp 00000000 00:19 8435328                            /Net/u_ece.ece/usr/ece/cadence.Linux/IC50.46.006/tools.lnx86/jre1.50/lib/i386/libzip.so
f7573000-f7575000 rwxp 00012000 00:19 8435328                            /Net/u_ece.ece/usr/ece/cadence.Linux/IC50.46.006/tools.lnx86/jre1.50/lib/i386/libzip.so
f7575000-f7596000 r-xp 00000000 00:19 8435326                            /Net/u_ece.ece/usr/ece/cadence.Linux/IC50.46.006/tools.lnx86/jre1.50/lib/i386/libjava.so
f7596000-f7598000 rwxp 00020000 00:19 8435326                            /Net/u_ece.ece/usr/ece/cadence.Linux/IC50.46.006/tools.lnx86/jre1.50/lib/i386/libjava.so
f7598000-f75cd000 r-xs 00000000 fd:02 4718630                            /var/run/nscd/db9KXxqD (deleted)
f75cd000-f7ad4000 r-xp 00000000 00:19 8435311                            /Net/u_ece.ece/usr/ece/cadence.Linux/IC50.46.006/tools.lnx86/jre1.50/lib/i386/server/libjvm.so
f7ad4000-f7b36000 rwxp 00506000 00:19 8435311                            /Net/u_ece.ece/usr/ece/cadence.Linux/IC50.46.006/tools.lnx86/jre1.50/lib/i386/server/libjvm.so
f7b36000-f7f4d000 rwxp f7b36000 00:00 0 
f7f4d000-f7f58000 r-xp 00000000 00:19 8435324                            /Net/u_ece.ece/usr/ece/cadence.Linux/IC50.46.006/tools.lnx86/jre1.50/lib/i386/libverify.so
f7f58000-f7f59000 rwxp 0000b000 00:19 8435324                            /Net/u_ece.ece/usr/ece/cadence.Linux/IC50.46.006/tools.lnx86/jre1.50/lib/i386/libverify.so
f7f59000-f7f61000 rwxs 00000000 fd:00 65663                              /tmp/hsperfdata_ywu37/17265
f7f61000-f7f67000 r-xp 00000000 00:19 8435309                            /Net/u_ece.ece/usr/ece/cadence.Linux/IC50.46.006/tools.lnx86/jre1.50/lib/i386/native_threads/libhpi.so
f7f67000-f7f68000 rwxp 00006000 00:19 8435309                            /Net/u_ece.ece/usr/ece/cadence.Linux/IC50.46.006/tools.lnx86/jre1.50/lib/i386/native_threads/libhpi.so
f7f68000-f7f69000 rwxp f7f68000 00:00 0 
f7f69000-f7f6a000 r-xp f7f69000 00:00 0 
f7f6a000-f7f6b000 rwxp f7f6a000 00:00 0 
ff939000-ff93c000 ---p ff939000 00:00 0 
ff93d000-ffb39000 rwxp 7fffffe02000 00:00 0                              [stack]
ffffe000-fffff000 r-xp ffffe000 00:00 0 

VM Arguments:
jvm_args: -Dclient.xserver.version=11603000 -Dclient.xserver.vendor=Moba/X -Xss5M -Xms36M -Xmx1024M -XX:PermSize=24M -XX:MaxPermSize=48M -XX:NewSize=12M -Dswing.metalTheme=steel
java_command: COM.cadence.awd.session.ApplicationManager -log ade_wavescan.log -noui -exprlang Skill -mpssession icfb17243 -mpshost laplace

Environment Variables:
JAVA_HOME=
LD_LIBRARY_PATH=/Net/u_ece.ece/usr/ece/cadence.Linux/IC50.46.006/tools.lnx86/jre1.50/lib/i386/server:/Net/u_ece.ece/usr/ece/cadence.Linux/IC50.46.006/tools.lnx86/jre1.50/lib/i386:/Net/u_ece.ece/usr/ece/cadence.Linux/IC50.46.006/tools.lnx86/jre1.50/../lib/i386:/Amd/ece/cadence.Linux/IC50.46.006/share/java/COM/cadence/awd/skill/cmdlang/il:/Amd/ece/cadence.Linux/IC50.46.006/tools/dfII/lib:/Amd/ece/cadence.Linux/IC50.46.006/tools/mdl/lib:/Amd/ece/cadence.Linux/IC50.46.006/tools/mdl/expr/lib:/Amd/ece/cadence.Linux/IC50.46.006/tools/lib:/Amd/ece/cadence.Linux/IC50.46.006
SHELL=/bin/csh
DISPLAY=localhost:14.0
HOSTTYPE=x86_64-linux
OSTYPE=linux
MACHTYPE=x86_64

Signal Handlers:
SIGSEGV: [libjvm.so+0x4b8860], sa_mask[0]=0x7ffbfeff, sa_flags=0x10000004
SIGBUS: [libjvm.so+0x4b8860], sa_mask[0]=0x7ffbfeff, sa_flags=0x10000004
SIGFPE: [libjvm.so+0x3f00a0], sa_mask[0]=0x7ffbfeff, sa_flags=0x10000004
SIGPIPE: [libjvm.so+0x3f00a0], sa_mask[0]=0x00000000, sa_flags=0x00000000
SIGILL: [libjvm.so+0x3f00a0], sa_mask[0]=0x7ffbfeff, sa_flags=0x10000004
SIGUSR1: SIG_DFL, sa_mask[0]=0x00000000, sa_flags=0x00000000
SIGUSR2: [libjvm.so+0x3f23e0], sa_mask[0]=0x00000000, sa_flags=0x10000004
SIGHUP: [libjvm.so+0x3f1e10], sa_mask[0]=0x7ffbfeff, sa_flags=0x10000004
SIGINT: [libjvm.so+0x3f1e10], sa_mask[0]=0x7ffbfeff, sa_flags=0x10000004
SIGQUIT: [libjvm.so+0x3f1e10], sa_mask[0]=0x7ffbfeff, sa_flags=0x10000004
SIGTERM: [libjvm.so+0x3f1e10], sa_mask[0]=0x7ffbfeff, sa_flags=0x10000004


---------------  S Y S T E M  ---------------

OS:CentOS release 5.11 (Final)

uname:Linux 2.6.18-417.el5 #1 SMP Tue Dec 20 13:11:30 UTC 2016 x86_64
libc:glibc 2.5 NPTL 2.5 
rlimit: STACK 10240k, CORE 0k, NPROC 96116, NOFILE 65526, AS infinity
load average:2.00 2.00 2.00

CPU:total 4 family 79, cmov, cx8, fxsr, mmx, sse, sse2, ht

Memory: 4k page, physical 3004k(131k free), swap 12799k(12799k free)

vm_info: Java HotSpot(TM) Server VM (1.5.0_04-b05) for linux-x86, built on Jun  3 2005 02:09:05 by java_re with gcc 3.2.1-7a (J2SE release)

