#
# An unexpected error has been detected by HotSpot Virtual Machine:
#
#  SIGSEGV (0xb) at pc=0xad640eb6, pid=21004, tid=4160510656
#
# Java VM: Java HotSpot(TM) Server VM (1.5.0_04-b05 mixed mode)
# Problematic frame:
# C  [libwslicense.so+0xb4eb6]  nnllCu+0xca
#

---------------  T H R E A D  ---------------

Current thread (0x081b0b28):  JavaThread "main" [_thread_in_native, id=21004]

siginfo:si_signo=11, si_errno=0, si_code=1, si_addr=0x00000000

Registers:
EAX=0xff84aac0, EBX=0xad6ddeac, ECX=0xad494000, EDX=0x00000000
ESP=0xff84aab8, EBP=0xff84b6e4, ESI=0x00004440, EDI=0xff84f434
EIP=0xad640eb6, CR2=0x00000000, EFLAGS=0x00010282

Top of Stack: (sp=0xff84aab8)
0xff84aab8:   00000000 ad6ddeac 00000000 00000000
0xff84aac8:   00000000 00000000 00000000 00000000
0xff84aad8:   00000000 00000000 00000000 00000000
0xff84aae8:   00000000 00000000 00000000 00000000
0xff84aaf8:   00000000 00000000 00000000 00000000
0xff84ab08:   00000000 00000000 00000000 00000000
0xff84ab18:   00000000 00000000 00000000 00000000
0xff84ab28:   ff84bdcc ff84f434 ff84b76c ad6a5b1c 

Instructions: (pc=0xad640eb6)
0xad640ea6:   00 74 27 8b 45 fc 8b 50 0c 52 8b 45 fc 8b 50 10
0xad640eb6:   8b 02 50 8b 45 f0 83 c0 04 50 e8 3f 3c f6 ff 83 

Stack: [0xff655000,0xff855000),  sp=0xff84aab8,  free space=2006k
Native frames: (J=compiled Java code, j=interpreted, Vv=VM code, C=native code)
C  [libwslicense.so+0xb4eb6]  nnllCu+0xca
C  [libwslicense.so+0x99da0]
C  [libwslicense.so+0x99c2a]  bXF3YF+0x13a
C  [libwslicense.so+0xa604f]
C  [libwslicense.so+0xa5e64]  ahAdHL+0x12c
C  [libwslicense.so+0xa5bb9]  fCzBTu+0x139
C  [libwslicense.so+0xea1bd]
C  [libwslicense.so+0xe83b8]
C  [libwslicense.so+0xe79dd]  c_2GIW+0x175
C  [libwslicense.so+0xe77a3]  xcDKeZ+0xa3
C  [libwslicense.so+0xdda54]  dspqj9+0x58a
C  [libwslicense.so+0xde0ee]  zCQJE7+0x5b
C  [libwslicense.so+0xded5e]  kCc1gQ+0x119
C  [libwslicense.so+0x19ecc]  Java_COM_cadence_awd_license_License_checkLicense+0x4c
j  COM.cadence.awd.license.License.checkLicense(Ljava/lang/String;D)Z+0
j  COM.cadence.awd.license.License.doLicenseCheck([Ljava/lang/String;[LCOM/cadence/awd/license/Product;)Z+32
j  COM.cadence.awd.session.ApplicationManager.main([Ljava/lang/String;)V+346
v  ~StubRoutines::call_stub
V  [libjvm.so+0x25174c]
V  [libjvm.so+0x3f1058]
V  [libjvm.so+0x25157f]
V  [libjvm.so+0x2748c2]
V  [libjvm.so+0x269087]
C  [java+0x17fe]
C  [libc.so.6+0x15edc]  __libc_start_main+0xdc

Java frames: (J=compiled Java code, j=interpreted, Vv=VM code)
j  COM.cadence.awd.license.License.checkLicense(Ljava/lang/String;D)Z+0
j  COM.cadence.awd.license.License.doLicenseCheck([Ljava/lang/String;[LCOM/cadence/awd/license/Product;)Z+32
j  COM.cadence.awd.session.ApplicationManager.main([Ljava/lang/String;)V+346
v  ~StubRoutines::call_stub

---------------  P R O C E S S  ---------------

Java Threads: ( => current thread )
  0xaf33ba48 JavaThread "Low Memory Detector" daemon [_thread_blocked, id=21023]
  0xaf33a628 JavaThread "CompilerThread1" daemon [_thread_blocked, id=21022]
  0xaf339668 JavaThread "CompilerThread0" daemon [_thread_blocked, id=21021]
  0xaf338678 JavaThread "AdapterThread" daemon [_thread_blocked, id=21020]
  0xaf337840 JavaThread "Signal Dispatcher" daemon [_thread_blocked, id=21019]
  0xaf32e310 JavaThread "Finalizer" daemon [_thread_blocked, id=21015]
  0xaf32d628 JavaThread "Reference Handler" daemon [_thread_blocked, id=21014]
=>0x081b0b28 JavaThread "main" [_thread_in_native, id=21004]

Other Threads:
  0xaf3292e0 VMThread [id=21012]
  0xaf33cfe8 WatcherThread [id=21024]

VM state:not at safepoint (normal execution)

VM Mutex/Monitor currently owned by a thread: None

Heap
 PSYoungGen      total 10752K, used 930K [0xeb8a0000, 0xec4a0000, 0xf2a60000)
  eden space 9216K, 10% used [0xeb8a0000,0xeb9888c8,0xec1a0000)
  from space 1536K, 0% used [0xec320000,0xec320000,0xec4a0000)
  to   space 1536K, 0% used [0xec1a0000,0xec1a0000,0xec320000)
 PSOldGen        total 24576K, used 0K [0xb2a60000, 0xb4260000, 0xeb8a0000)
  object space 24576K, 0% used [0xb2a60000,0xb2a60000,0xb4260000)
 PSPermGen       total 24576K, used 2895K [0xafa60000, 0xb1260000, 0xb2a60000)
  object space 24576K, 11% used [0xafa60000,0xafd33c58,0xb1260000)

Dynamic libraries:
00aa8000-00ac3000 r-xp 00000000 fd:00 983869                             /lib/ld-2.5.so
00ac3000-00ac4000 r-xp 0001a000 fd:00 983869                             /lib/ld-2.5.so
00ac4000-00ac5000 rwxp 0001b000 fd:00 983869                             /lib/ld-2.5.so
00ac7000-00c1d000 r-xp 00000000 fd:00 983046                             /lib/libc-2.5.so
00c1d000-00c1f000 r-xp 00156000 fd:00 983046                             /lib/libc-2.5.so
00c1f000-00c20000 rwxp 00158000 fd:00 983046                             /lib/libc-2.5.so
00c20000-00c23000 rwxp 00c20000 00:00 0 
00c25000-00c3b000 r-xp 00000000 fd:00 983092                             /lib/libpthread-2.5.so
00c3b000-00c3c000 r-xp 00015000 fd:00 983092                             /lib/libpthread-2.5.so
00c3c000-00c3d000 rwxp 00016000 fd:00 983092                             /lib/libpthread-2.5.so
00c3d000-00c3f000 rwxp 00c3d000 00:00 0 
00c41000-00c44000 r-xp 00000000 fd:00 983853                             /lib/libdl-2.5.so
00c44000-00c45000 r-xp 00002000 fd:00 983853                             /lib/libdl-2.5.so
00c45000-00c46000 rwxp 00003000 fd:00 983853                             /lib/libdl-2.5.so
00c4e000-00c63000 r-xp 00000000 fd:00 983050                             /lib/libnsl-2.5.so
00c63000-00c64000 r-xp 00014000 fd:00 983050                             /lib/libnsl-2.5.so
00c64000-00c65000 rwxp 00015000 fd:00 983050                             /lib/libnsl-2.5.so
00c65000-00c67000 rwxp 00c65000 00:00 0 
00ca3000-00cca000 r-xp 00000000 fd:00 983874                             /lib/libm-2.5.so
00cca000-00ccb000 r-xp 00026000 fd:00 983874                             /lib/libm-2.5.so
00ccb000-00ccc000 rwxp 00027000 fd:00 983874                             /lib/libm-2.5.so
08048000-08056000 r-xp 00000000 00:19 8435289                            /Net/u_ece.ece/usr/ece/cadence.Linux/IC50.46.006/tools.lnx86/jre1.50/bin/java
08056000-08058000 rwxp 0000e000 00:19 8435289                            /Net/u_ece.ece/usr/ece/cadence.Linux/IC50.46.006/tools.lnx86/jre1.50/bin/java
081ac000-082e8000 rwxp 081ac000 00:00 0                                  [heap]
ad494000-ad4c9000 r-xs 00000000 fd:02 4718632                            /var/run/nscd/dbDxnaYu (deleted)
ad4c9000-ad4d6000 r-xp 00000000 00:19 7830390                            /Net/u_ece.ece/usr/ece/cadence.Linux/IC50.46.006/tools.lnx86/lib/libcls_sh.so
ad4d6000-ad4d8000 rwxp 0000c000 00:19 7830390                            /Net/u_ece.ece/usr/ece/cadence.Linux/IC50.46.006/tools.lnx86/lib/libcls_sh.so
ad4d8000-ad572000 r-xp 00000000 00:19 7830551                            /Net/u_ece.ece/usr/ece/cadence.Linux/IC50.46.006/tools.lnx86/lib/libstdc++.so.5.0.3
ad572000-ad587000 rwxp 00099000 00:19 7830551                            /Net/u_ece.ece/usr/ece/cadence.Linux/IC50.46.006/tools.lnx86/lib/libstdc++.so.5.0.3
ad587000-ad58c000 rwxp ad587000 00:00 0 
ad58c000-ad6d2000 r-xp 00000000 00:19 7847247                            /Net/u_ece.ece/usr/ece/cadence.Linux/IC50.46.006/tools.lnx86/dfII/lib/libwslicense.so
ad6d2000-ad6e0000 rwxp 00146000 00:19 7847247                            /Net/u_ece.ece/usr/ece/cadence.Linux/IC50.46.006/tools.lnx86/dfII/lib/libwslicense.so
ad6e0000-ad74a000 rwxp ad6e0000 00:00 0 
ad74a000-ad800000 ---p ad74a000 00:00 0 
ad807000-ad815000 r-xp 00000000 00:19 7830385                            /Net/u_ece.ece/usr/ece/cadence.Linux/IC50.46.006/tools.lnx86/lib/libcdsCommon_sh.so
ad815000-ad816000 ---p 0000e000 00:19 7830385                            /Net/u_ece.ece/usr/ece/cadence.Linux/IC50.46.006/tools.lnx86/lib/libcdsCommon_sh.so
ad816000-ad817000 rwxp 0000e000 00:19 7830385                            /Net/u_ece.ece/usr/ece/cadence.Linux/IC50.46.006/tools.lnx86/lib/libcdsCommon_sh.so
ad817000-ad81a000 rwxp ad817000 00:00 0 
ad81a000-ad835000 r-xp 00000000 00:19 7829704                            /Net/u_ece.ece/usr/ece/cadence.Linux/IC50.46.006/tools.lnx86/lib/libvirtuos_sh.so
ad835000-ad837000 rwxp 0001a000 00:19 7829704                            /Net/u_ece.ece/usr/ece/cadence.Linux/IC50.46.006/tools.lnx86/lib/libvirtuos_sh.so
ad837000-ad83a000 rwxp ad837000 00:00 0 
ad83a000-ad86c000 r-xs 00000000 00:19 8326407                            /Net/u_ece.ece/usr/ece/cadence.Linux/IC50.46.006/share/java/jai-1_1_1_01/lib/jai_codec.jar
ad86c000-ad873000 r-xs 00000000 00:19 7830273                            /Net/u_ece.ece/usr/ece/cadence.Linux/IC50.46.006/share/java/jaxp.jar
ad873000-ad8a1000 r-xs 00000000 00:19 7830272                            /Net/u_ece.ece/usr/ece/cadence.Linux/IC50.46.006/share/java/crimson.jar
ad8a1000-ad90f000 r-xs 00000000 00:19 7830111                            /Net/u_ece.ece/usr/ece/cadence.Linux/IC50.46.006/share/java/symphony.jar
ad90f000-ad954000 r-xs 00000000 00:19 7831027                            /Net/u_ece.ece/usr/ece/cadence.Linux/IC50.46.006/share/java/wsutil.jar
ad954000-adb7d000 r-xs 00000000 00:19 7831026                            /Net/u_ece.ece/usr/ece/cadence.Linux/IC50.46.006/share/java/wavescan.jar
adb7d000-adb8b000 r-xs 00000000 00:19 7830698                            /Net/u_ece.ece/usr/ece/cadence.Linux/IC50.46.006/share/java/cds_srr.jar
adb8b000-adbb4000 r-xs 00000000 00:19 7830699                            /Net/u_ece.ece/usr/ece/cadence.Linux/IC50.46.006/share/java/srr.jar
adbb4000-adc77000 r-xs 00000000 00:19 8435364                            /Net/u_ece.ece/usr/ece/cadence.Linux/IC50.46.006/tools.lnx86/jre1.50/lib/ext/localedata.jar
adc77000-adc78000 ---p adc77000 00:00 0 
adc78000-adcf8000 rwxp adc78000 00:00 0 
adcf8000-adcfb000 ---p adcf8000 00:00 0 
adcfb000-ae1f9000 rwxp adcfb000 00:00 0 
ae1f9000-ae1fc000 ---p ae1f9000 00:00 0 
ae1fc000-ae27a000 rwxp ae1fc000 00:00 0 
ae27a000-ae27d000 ---p ae27a000 00:00 0 
ae27d000-ae2fb000 rwxp ae27d000 00:00 0 
ae2fb000-ae2fe000 ---p ae2fb000 00:00 0 
ae2fe000-ae37c000 rwxp ae2fe000 00:00 0 
ae37c000-ae37f000 ---p ae37c000 00:00 0 
ae37f000-ae87d000 rwxp ae37f000 00:00 0 
ae87d000-ae880000 ---p ae87d000 00:00 0 
ae880000-aed7e000 rwxp ae880000 00:00 0 
aed7e000-aed81000 ---p aed7e000 00:00 0 
aed81000-af27f000 rwxp aed81000 00:00 0 
af27f000-af280000 ---p af27f000 00:00 0 
af280000-af3fb000 rwxp af280000 00:00 0 
af3fb000-af400000 ---p af3fb000 00:00 0 
af408000-af40f000 r-xp 00000000 00:19 7830548                            /Net/u_ece.ece/usr/ece/cadence.Linux/IC50.46.006/tools.lnx86/lib/libgcc_s.so.1
af40f000-af410000 rwxp 00007000 00:19 7830548                            /Net/u_ece.ece/usr/ece/cadence.Linux/IC50.46.006/tools.lnx86/lib/libgcc_s.so.1
af410000-af411000 r-xp 00000000 00:19 7830392                            /Net/u_ece.ece/usr/ece/cadence.Linux/IC50.46.006/tools.lnx86/lib/libfastt_sh.so
af411000-af412000 rwxp 00000000 00:19 7830392                            /Net/u_ece.ece/usr/ece/cadence.Linux/IC50.46.006/tools.lnx86/lib/libfastt_sh.so
af412000-af43d000 r-xs 00000000 00:19 8435362                            /Net/u_ece.ece/usr/ece/cadence.Linux/IC50.46.006/tools.lnx86/jre1.50/lib/ext/sunpkcs11.jar
af43d000-af463000 r-xs 00000000 00:19 8435361                            /Net/u_ece.ece/usr/ece/cadence.Linux/IC50.46.006/tools.lnx86/jre1.50/lib/ext/sunjce_provider.jar
af463000-af464000 ---p af463000 00:00 0 
af464000-af4e4000 rwxp af464000 00:00 0 
af4e4000-af4e5000 ---p af4e4000 00:00 0 
af4e5000-af565000 rwxp af4e5000 00:00 0 
af565000-af566000 ---p af565000 00:00 0 
af566000-af5e6000 rwxp af566000 00:00 0 
af5e6000-af5e7000 ---p af5e6000 00:00 0 
af5e7000-af673000 rwxp af5e7000 00:00 0 
af673000-af67f000 rwxp af673000 00:00 0 
af67f000-af68b000 rwxp af67f000 00:00 0 
af68b000-af847000 rwxp af68b000 00:00 0 
af847000-af853000 rwxp af847000 00:00 0 
af853000-af85f000 rwxp af853000 00:00 0 
af85f000-af86b000 rwxp af85f000 00:00 0 
af86b000-afa26000 rwxp af86b000 00:00 0 
afa26000-afa2d000 rwxp afa26000 00:00 0 
afa2d000-afa5f000 rwxp afa2d000 00:00 0 
afa5f000-b1260000 rwxp afa5f000 00:00 0 
b1260000-b2a60000 rwxp b1260000 00:00 0 
b2a60000-b4260000 rwxp b2a60000 00:00 0 
b4260000-eb8a0000 rwxp b4260000 00:00 0 
eb8a0000-ec4a0000 rwxp eb8a0000 00:00 0 
ec4a0000-f2a60000 rwxp ec4a0000 00:00 0 
f2a60000-f2a62000 r-xs 00000000 00:19 8435363                            /Net/u_ece.ece/usr/ece/cadence.Linux/IC50.46.006/tools.lnx86/jre1.50/lib/ext/dnsns.jar
f2a62000-f2a64000 rwxp f2a62000 00:00 0 
f2a64000-f2ae2000 rwxp f2a64000 00:00 0 
f2ae2000-f2b2a000 rwxp f2ae2000 00:00 0 
f2b2a000-f4ae2000 rwxp f2b2a000 00:00 0 
f4ae2000-f5300000 r-xs 00000000 00:19 8435924                            /Net/u_ece.ece/usr/ece/cadence.Linux/IC50.46.006/tools.lnx86/jre1.50/lib/charsets.jar
f5300000-f5314000 r-xs 00000000 00:19 8435365                            /Net/u_ece.ece/usr/ece/cadence.Linux/IC50.46.006/tools.lnx86/jre1.50/lib/jce.jar
f5314000-f538d000 r-xs 00000000 00:19 8435927                            /Net/u_ece.ece/usr/ece/cadence.Linux/IC50.46.006/tools.lnx86/jre1.50/lib/jsse.jar
f538d000-f53f6000 rwxp f538d000 00:00 0 
f53f6000-f75d9000 r-xs 00000000 00:19 8435926                            /Net/u_ece.ece/usr/ece/cadence.Linux/IC50.46.006/tools.lnx86/jre1.50/lib/rt.jar
f75d9000-f75ec000 r-xp 00000000 00:19 8435328                            /Net/u_ece.ece/usr/ece/cadence.Linux/IC50.46.006/tools.lnx86/jre1.50/lib/i386/libzip.so
f75ec000-f75ee000 rwxp 00012000 00:19 8435328                            /Net/u_ece.ece/usr/ece/cadence.Linux/IC50.46.006/tools.lnx86/jre1.50/lib/i386/libzip.so
f75ee000-f760f000 r-xp 00000000 00:19 8435326                            /Net/u_ece.ece/usr/ece/cadence.Linux/IC50.46.006/tools.lnx86/jre1.50/lib/i386/libjava.so
f760f000-f7611000 rwxp 00020000 00:19 8435326                            /Net/u_ece.ece/usr/ece/cadence.Linux/IC50.46.006/tools.lnx86/jre1.50/lib/i386/libjava.so
f7611000-f7646000 r-xs 00000000 fd:02 4718630                            /var/run/nscd/db9KXxqD (deleted)
f7646000-f7b4d000 r-xp 00000000 00:19 8435311                            /Net/u_ece.ece/usr/ece/cadence.Linux/IC50.46.006/tools.lnx86/jre1.50/lib/i386/server/libjvm.so
f7b4d000-f7baf000 rwxp 00506000 00:19 8435311                            /Net/u_ece.ece/usr/ece/cadence.Linux/IC50.46.006/tools.lnx86/jre1.50/lib/i386/server/libjvm.so
f7baf000-f7fc6000 rwxp f7baf000 00:00 0 
f7fc6000-f7fd1000 r-xp 00000000 00:19 8435324                            /Net/u_ece.ece/usr/ece/cadence.Linux/IC50.46.006/tools.lnx86/jre1.50/lib/i386/libverify.so
f7fd1000-f7fd2000 rwxp 0000b000 00:19 8435324                            /Net/u_ece.ece/usr/ece/cadence.Linux/IC50.46.006/tools.lnx86/jre1.50/lib/i386/libverify.so
f7fd2000-f7fda000 rwxs 00000000 fd:00 65613                              /tmp/hsperfdata_ywu37/21004
f7fda000-f7fe0000 r-xp 00000000 00:19 8435309                            /Net/u_ece.ece/usr/ece/cadence.Linux/IC50.46.006/tools.lnx86/jre1.50/lib/i386/native_threads/libhpi.so
f7fe0000-f7fe1000 rwxp 00006000 00:19 8435309                            /Net/u_ece.ece/usr/ece/cadence.Linux/IC50.46.006/tools.lnx86/jre1.50/lib/i386/native_threads/libhpi.so
f7fe1000-f7fe2000 rwxp f7fe1000 00:00 0 
f7fe2000-f7fe3000 r-xp f7fe2000 00:00 0 
f7fe3000-f7fe4000 rwxp f7fe3000 00:00 0 
ff655000-ff658000 ---p ff655000 00:00 0 
ff659000-ff855000 rwxp 7fffffe02000 00:00 0                              [stack]
ffffe000-fffff000 r-xp ffffe000 00:00 0 

VM Arguments:
jvm_args: -Dclient.xserver.version=11603000 -Dclient.xserver.vendor=Moba/X -Xss5M -Xms36M -Xmx1024M -XX:PermSize=24M -XX:MaxPermSize=48M -XX:NewSize=12M -Dswing.metalTheme=steel
java_command: COM.cadence.awd.session.ApplicationManager -log ade_wavescan.log -noui -exprlang Skill -mpssession icfb20956 -mpshost laplace

Environment Variables:
JAVA_HOME=
LD_LIBRARY_PATH=/Net/u_ece.ece/usr/ece/cadence.Linux/IC50.46.006/tools.lnx86/jre1.50/lib/i386/server:/Net/u_ece.ece/usr/ece/cadence.Linux/IC50.46.006/tools.lnx86/jre1.50/lib/i386:/Net/u_ece.ece/usr/ece/cadence.Linux/IC50.46.006/tools.lnx86/jre1.50/../lib/i386:/Amd/ece/cadence.Linux/IC50.46.006/share/java/COM/cadence/awd/skill/cmdlang/il:/Amd/ece/cadence.Linux/IC50.46.006/tools/dfII/lib:/Amd/ece/cadence.Linux/IC50.46.006/tools/mdl/lib:/Amd/ece/cadence.Linux/IC50.46.006/tools/mdl/expr/lib:/Amd/ece/cadence.Linux/IC50.46.006/tools/lib:/Amd/ece/cadence.Linux/IC50.46.006
SHELL=/bin/csh
DISPLAY=localhost:13.0
HOSTTYPE=x86_64-linux
OSTYPE=linux
MACHTYPE=x86_64

Signal Handlers:
SIGSEGV: [libjvm.so+0x4b8860], sa_mask[0]=0x7ffbfeff, sa_flags=0x10000004
SIGBUS: [libjvm.so+0x4b8860], sa_mask[0]=0x7ffbfeff, sa_flags=0x10000004
SIGFPE: [libjvm.so+0x3f00a0], sa_mask[0]=0x7ffbfeff, sa_flags=0x10000004
SIGPIPE: [libjvm.so+0x3f00a0], sa_mask[0]=0x00000000, sa_flags=0x00000000
SIGILL: [libjvm.so+0x3f00a0], sa_mask[0]=0x7ffbfeff, sa_flags=0x10000004
SIGUSR1: SIG_DFL, sa_mask[0]=0x00000000, sa_flags=0x00000000
SIGUSR2: [libjvm.so+0x3f23e0], sa_mask[0]=0x00000000, sa_flags=0x10000004
SIGHUP: [libjvm.so+0x3f1e10], sa_mask[0]=0x7ffbfeff, sa_flags=0x10000004
SIGINT: [libjvm.so+0x3f1e10], sa_mask[0]=0x7ffbfeff, sa_flags=0x10000004
SIGQUIT: [libjvm.so+0x3f1e10], sa_mask[0]=0x7ffbfeff, sa_flags=0x10000004
SIGTERM: [libjvm.so+0x3f1e10], sa_mask[0]=0x7ffbfeff, sa_flags=0x10000004


---------------  S Y S T E M  ---------------

OS:CentOS release 5.11 (Final)

uname:Linux 2.6.18-417.el5 #1 SMP Tue Dec 20 13:11:30 UTC 2016 x86_64
libc:glibc 2.5 NPTL 2.5 
rlimit: STACK 10240k, CORE 0k, NPROC 96116, NOFILE 65526, AS infinity
load average:0.05 0.04 0.01

CPU:total 4 family 79, cmov, cx8, fxsr, mmx, sse, sse2, ht

Memory: 4k page, physical 3004k(197k free), swap 12799k(12799k free)

vm_info: Java HotSpot(TM) Server VM (1.5.0_04-b05) for linux-x86, built on Jun  3 2005 02:09:05 by java_re with gcc 3.2.1-7a (J2SE release)

