#
# An unexpected error has been detected by HotSpot Virtual Machine:
#
#  SIGSEGV (0xb) at pc=0xad6aaeb6, pid=14174, tid=4159675072
#
# Java VM: Java HotSpot(TM) Server VM (1.5.0_04-b05 mixed mode)
# Problematic frame:
# C  [libwslicense.so+0xb4eb6]  nnllCu+0xca
#

---------------  T H R E A D  ---------------

Current thread (0x09243b28):  JavaThread "main" [_thread_in_native, id=14174]

siginfo:si_signo=11, si_errno=0, si_code=1, si_addr=0x00000000

Registers:
EAX=0xffc5fff0, EBX=0xad747eac, ECX=0xad4cb000, EDX=0x00000000
ESP=0xffc5ffe8, EBP=0xffc60c14, ESI=0x00004440, EDI=0xffc64964
EIP=0xad6aaeb6, CR2=0x00000000, EFLAGS=0x00010282

Top of Stack: (sp=0xffc5ffe8)
0xffc5ffe8:   00000000 ad747eac 00000000 00000000
0xffc5fff8:   00000000 00000000 00000000 00000000
0xffc60008:   00000000 00000000 00000000 00000000
0xffc60018:   00000000 00000000 00000000 00000000
0xffc60028:   00000000 00000000 00000000 00000000
0xffc60038:   00000000 00000000 00000000 00000000
0xffc60048:   00000000 00000000 00000000 00000000
0xffc60058:   ffc612fc ffc64964 ffc60c9c ad70fb1c 

Instructions: (pc=0xad6aaeb6)
0xad6aaea6:   00 74 27 8b 45 fc 8b 50 0c 52 8b 45 fc 8b 50 10
0xad6aaeb6:   8b 02 50 8b 45 f0 83 c0 04 50 e8 3f 3c f6 ff 83 

Stack: [0xffa6a000,0xffc6a000),  sp=0xffc5ffe8,  free space=2007k
Native frames: (J=compiled Java code, j=interpreted, Vv=VM code, C=native code)
C  [libwslicense.so+0xb4eb6]  nnllCu+0xca
C  [libwslicense.so+0x99da0]
C  [libwslicense.so+0x99c2a]  bXF3YF+0x13a
C  [libwslicense.so+0xa604f]
C  [libwslicense.so+0xa5e64]  ahAdHL+0x12c
C  [libwslicense.so+0xa5bb9]  fCzBTu+0x139
C  [libwslicense.so+0xea1bd]
C  [libwslicense.so+0xe83b8]
C  [libwslicense.so+0xe79dd]  c_2GIW+0x175
C  [libwslicense.so+0xe77a3]  xcDKeZ+0xa3
C  [libwslicense.so+0xdda54]  dspqj9+0x58a
C  [libwslicense.so+0xde0ee]  zCQJE7+0x5b
C  [libwslicense.so+0xded5e]  kCc1gQ+0x119
C  [libwslicense.so+0x19ecc]  Java_COM_cadence_awd_license_License_checkLicense+0x4c
j  COM.cadence.awd.license.License.checkLicense(Ljava/lang/String;D)Z+0
j  COM.cadence.awd.license.License.doLicenseCheck([Ljava/lang/String;[LCOM/cadence/awd/license/Product;)Z+32
j  COM.cadence.awd.session.ApplicationManager.main([Ljava/lang/String;)V+346
v  ~StubRoutines::call_stub
V  [libjvm.so+0x25174c]
V  [libjvm.so+0x3f1058]
V  [libjvm.so+0x25157f]
V  [libjvm.so+0x2748c2]
V  [libjvm.so+0x269087]
C  [java+0x17fe]
C  [libc.so.6+0x15edc]  __libc_start_main+0xdc

Java frames: (J=compiled Java code, j=interpreted, Vv=VM code)
j  COM.cadence.awd.license.License.checkLicense(Ljava/lang/String;D)Z+0
j  COM.cadence.awd.license.License.doLicenseCheck([Ljava/lang/String;[LCOM/cadence/awd/license/Product;)Z+32
j  COM.cadence.awd.session.ApplicationManager.main([Ljava/lang/String;)V+346
v  ~StubRoutines::call_stub

---------------  P R O C E S S  ---------------

Java Threads: ( => current thread )
  0xaf2019e0 JavaThread "Low Memory Detector" daemon [_thread_blocked, id=14186]
  0xaf2005c0 JavaThread "CompilerThread1" daemon [_thread_blocked, id=14185]
  0x09304bd8 JavaThread "CompilerThread0" daemon [_thread_blocked, id=14184]
  0x09303b00 JavaThread "AdapterThread" daemon [_thread_blocked, id=14183]
  0x09302b48 JavaThread "Signal Dispatcher" daemon [_thread_blocked, id=14182]
  0x092f9590 JavaThread "Finalizer" daemon [_thread_blocked, id=14181]
  0x092f76f8 JavaThread "Reference Handler" daemon [_thread_blocked, id=14180]
=>0x09243b28 JavaThread "main" [_thread_in_native, id=14174]

Other Threads:
  0x092f3378 VMThread [id=14179]
  0xaf202f80 WatcherThread [id=14187]

VM state:not at safepoint (normal execution)

VM Mutex/Monitor currently owned by a thread: None

Heap
 PSYoungGen      total 10752K, used 930K [0xeb7d0000, 0xec3d0000, 0xf2990000)
  eden space 9216K, 10% used [0xeb7d0000,0xeb8b88c8,0xec0d0000)
  from space 1536K, 0% used [0xec250000,0xec250000,0xec3d0000)
  to   space 1536K, 0% used [0xec0d0000,0xec0d0000,0xec250000)
 PSOldGen        total 24576K, used 0K [0xb2990000, 0xb4190000, 0xeb7d0000)
  object space 24576K, 0% used [0xb2990000,0xb2990000,0xb4190000)
 PSPermGen       total 24576K, used 2895K [0xaf990000, 0xb1190000, 0xb2990000)
  object space 24576K, 11% used [0xaf990000,0xafc63c58,0xb1190000)

Dynamic libraries:
00aa8000-00ac3000 r-xp 00000000 fd:00 983869                             /lib/ld-2.5.so
00ac3000-00ac4000 r-xp 0001a000 fd:00 983869                             /lib/ld-2.5.so
00ac4000-00ac5000 rwxp 0001b000 fd:00 983869                             /lib/ld-2.5.so
00ac7000-00c1d000 r-xp 00000000 fd:00 983046                             /lib/libc-2.5.so
00c1d000-00c1f000 r-xp 00156000 fd:00 983046                             /lib/libc-2.5.so
00c1f000-00c20000 rwxp 00158000 fd:00 983046                             /lib/libc-2.5.so
00c20000-00c23000 rwxp 00c20000 00:00 0 
00c25000-00c3b000 r-xp 00000000 fd:00 983092                             /lib/libpthread-2.5.so
00c3b000-00c3c000 r-xp 00015000 fd:00 983092                             /lib/libpthread-2.5.so
00c3c000-00c3d000 rwxp 00016000 fd:00 983092                             /lib/libpthread-2.5.so
00c3d000-00c3f000 rwxp 00c3d000 00:00 0 
00c41000-00c44000 r-xp 00000000 fd:00 983853                             /lib/libdl-2.5.so
00c44000-00c45000 r-xp 00002000 fd:00 983853                             /lib/libdl-2.5.so
00c45000-00c46000 rwxp 00003000 fd:00 983853                             /lib/libdl-2.5.so
00c4e000-00c63000 r-xp 00000000 fd:00 983050                             /lib/libnsl-2.5.so
00c63000-00c64000 r-xp 00014000 fd:00 983050                             /lib/libnsl-2.5.so
00c64000-00c65000 rwxp 00015000 fd:00 983050                             /lib/libnsl-2.5.so
00c65000-00c67000 rwxp 00c65000 00:00 0 
00ca3000-00cca000 r-xp 00000000 fd:00 983874                             /lib/libm-2.5.so
00cca000-00ccb000 r-xp 00026000 fd:00 983874                             /lib/libm-2.5.so
00ccb000-00ccc000 rwxp 00027000 fd:00 983874                             /lib/libm-2.5.so
08048000-08056000 r-xp 00000000 00:19 8435289                            /Net/u_ece.ece/usr/ece/cadence.Linux/IC50.46.006/tools.lnx86/jre1.50/bin/java
08056000-08058000 rwxp 0000e000 00:19 8435289                            /Net/u_ece.ece/usr/ece/cadence.Linux/IC50.46.006/tools.lnx86/jre1.50/bin/java
0923f000-093d2000 rwxp 0923f000 00:00 0                                  [heap]
ad4cb000-ad500000 r-xs 00000000 fd:02 4718632                            /var/run/nscd/dbDxnaYu (deleted)
ad500000-ad50d000 r-xp 00000000 00:19 7830390                            /Net/u_ece.ece/usr/ece/cadence.Linux/IC50.46.006/tools.lnx86/lib/libcls_sh.so
ad50d000-ad50f000 rwxp 0000c000 00:19 7830390                            /Net/u_ece.ece/usr/ece/cadence.Linux/IC50.46.006/tools.lnx86/lib/libcls_sh.so
ad50f000-ad5a9000 r-xp 00000000 00:19 7830551                            /Net/u_ece.ece/usr/ece/cadence.Linux/IC50.46.006/tools.lnx86/lib/libstdc++.so.5.0.3
ad5a9000-ad5be000 rwxp 00099000 00:19 7830551                            /Net/u_ece.ece/usr/ece/cadence.Linux/IC50.46.006/tools.lnx86/lib/libstdc++.so.5.0.3
ad5be000-ad5c3000 rwxp ad5be000 00:00 0 
ad5c3000-ad5d1000 r-xp 00000000 00:19 7830385                            /Net/u_ece.ece/usr/ece/cadence.Linux/IC50.46.006/tools.lnx86/lib/libcdsCommon_sh.so
ad5d1000-ad5d2000 ---p 0000e000 00:19 7830385                            /Net/u_ece.ece/usr/ece/cadence.Linux/IC50.46.006/tools.lnx86/lib/libcdsCommon_sh.so
ad5d2000-ad5d3000 rwxp 0000e000 00:19 7830385                            /Net/u_ece.ece/usr/ece/cadence.Linux/IC50.46.006/tools.lnx86/lib/libcdsCommon_sh.so
ad5d3000-ad5d6000 rwxp ad5d3000 00:00 0 
ad5d6000-ad5f1000 r-xp 00000000 00:19 7829704                            /Net/u_ece.ece/usr/ece/cadence.Linux/IC50.46.006/tools.lnx86/lib/libvirtuos_sh.so
ad5f1000-ad5f3000 rwxp 0001a000 00:19 7829704                            /Net/u_ece.ece/usr/ece/cadence.Linux/IC50.46.006/tools.lnx86/lib/libvirtuos_sh.so
ad5f3000-ad5f6000 rwxp ad5f3000 00:00 0 
ad5f6000-ad73c000 r-xp 00000000 00:19 7847247                            /Net/u_ece.ece/usr/ece/cadence.Linux/IC50.46.006/tools.lnx86/dfII/lib/libwslicense.so
ad73c000-ad74a000 rwxp 00146000 00:19 7847247                            /Net/u_ece.ece/usr/ece/cadence.Linux/IC50.46.006/tools.lnx86/dfII/lib/libwslicense.so
ad74a000-ad76a000 rwxp ad74a000 00:00 0 
ad76a000-ad79c000 r-xs 00000000 00:19 8326407                            /Net/u_ece.ece/usr/ece/cadence.Linux/IC50.46.006/share/java/jai-1_1_1_01/lib/jai_codec.jar
ad79c000-ad7a3000 r-xs 00000000 00:19 7830273                            /Net/u_ece.ece/usr/ece/cadence.Linux/IC50.46.006/share/java/jaxp.jar
ad7a3000-ad7d1000 r-xs 00000000 00:19 7830272                            /Net/u_ece.ece/usr/ece/cadence.Linux/IC50.46.006/share/java/crimson.jar
ad7d1000-ad83f000 r-xs 00000000 00:19 7830111                            /Net/u_ece.ece/usr/ece/cadence.Linux/IC50.46.006/share/java/symphony.jar
ad83f000-ad884000 r-xs 00000000 00:19 7831027                            /Net/u_ece.ece/usr/ece/cadence.Linux/IC50.46.006/share/java/wsutil.jar
ad884000-adaad000 r-xs 00000000 00:19 7831026                            /Net/u_ece.ece/usr/ece/cadence.Linux/IC50.46.006/share/java/wavescan.jar
adaad000-adabb000 r-xs 00000000 00:19 7830698                            /Net/u_ece.ece/usr/ece/cadence.Linux/IC50.46.006/share/java/cds_srr.jar
adabb000-adae4000 r-xs 00000000 00:19 7830699                            /Net/u_ece.ece/usr/ece/cadence.Linux/IC50.46.006/share/java/srr.jar
adae4000-adba7000 r-xs 00000000 00:19 8435364                            /Net/u_ece.ece/usr/ece/cadence.Linux/IC50.46.006/tools.lnx86/jre1.50/lib/ext/localedata.jar
adba7000-adbd2000 r-xs 00000000 00:19 8435362                            /Net/u_ece.ece/usr/ece/cadence.Linux/IC50.46.006/tools.lnx86/jre1.50/lib/ext/sunpkcs11.jar
adbd2000-adbf8000 r-xs 00000000 00:19 8435361                            /Net/u_ece.ece/usr/ece/cadence.Linux/IC50.46.006/tools.lnx86/jre1.50/lib/ext/sunjce_provider.jar
adbf8000-adbf9000 ---p adbf8000 00:00 0 
adbf9000-adc79000 rwxp adbf9000 00:00 0 
adc79000-adc7c000 ---p adc79000 00:00 0 
adc7c000-ae17a000 rwxp adc7c000 00:00 0 
ae17a000-ae17d000 ---p ae17a000 00:00 0 
ae17d000-ae1fb000 rwxp ae17d000 00:00 0 
ae1fb000-ae1fe000 ---p ae1fb000 00:00 0 
ae1fe000-ae27c000 rwxp ae1fe000 00:00 0 
ae27c000-ae27f000 ---p ae27c000 00:00 0 
ae27f000-ae2fd000 rwxp ae27f000 00:00 0 
ae2fd000-ae300000 ---p ae2fd000 00:00 0 
ae300000-ae7fe000 rwxp ae300000 00:00 0 
ae7fe000-ae801000 ---p ae7fe000 00:00 0 
ae801000-aecff000 rwxp ae801000 00:00 0 
aecff000-aed02000 ---p aecff000 00:00 0 
aed02000-af2c3000 rwxp aed02000 00:00 0 
af2c3000-af300000 ---p af2c3000 00:00 0 
af30a000-af311000 r-xp 00000000 00:19 7830548                            /Net/u_ece.ece/usr/ece/cadence.Linux/IC50.46.006/tools.lnx86/lib/libgcc_s.so.1
af311000-af312000 rwxp 00007000 00:19 7830548                            /Net/u_ece.ece/usr/ece/cadence.Linux/IC50.46.006/tools.lnx86/lib/libgcc_s.so.1
af312000-af313000 ---p af312000 00:00 0 
af313000-af393000 rwxp af313000 00:00 0 
af393000-af394000 ---p af393000 00:00 0 
af394000-af414000 rwxp af394000 00:00 0 
af414000-af415000 ---p af414000 00:00 0 
af415000-af495000 rwxp af415000 00:00 0 
af495000-af496000 ---p af495000 00:00 0 
af496000-af516000 rwxp af496000 00:00 0 
af516000-af517000 ---p af516000 00:00 0 
af517000-af5a3000 rwxp af517000 00:00 0 
af5a3000-af5af000 rwxp af5a3000 00:00 0 
af5af000-af5bb000 rwxp af5af000 00:00 0 
af5bb000-af777000 rwxp af5bb000 00:00 0 
af777000-af783000 rwxp af777000 00:00 0 
af783000-af78f000 rwxp af783000 00:00 0 
af78f000-af79b000 rwxp af78f000 00:00 0 
af79b000-af956000 rwxp af79b000 00:00 0 
af956000-af95d000 rwxp af956000 00:00 0 
af95d000-af98f000 rwxp af95d000 00:00 0 
af98f000-b1190000 rwxp af98f000 00:00 0 
b1190000-b2990000 rwxp b1190000 00:00 0 
b2990000-b4190000 rwxp b2990000 00:00 0 
b4190000-eb7d0000 rwxp b4190000 00:00 0 
eb7d0000-ec3d0000 rwxp eb7d0000 00:00 0 
ec3d0000-f2990000 rwxp ec3d0000 00:00 0 
f2992000-f2993000 r-xp 00000000 00:19 7830392                            /Net/u_ece.ece/usr/ece/cadence.Linux/IC50.46.006/tools.lnx86/lib/libfastt_sh.so
f2993000-f2994000 rwxp 00000000 00:19 7830392                            /Net/u_ece.ece/usr/ece/cadence.Linux/IC50.46.006/tools.lnx86/lib/libfastt_sh.so
f2994000-f2996000 r-xs 00000000 00:19 8435363                            /Net/u_ece.ece/usr/ece/cadence.Linux/IC50.46.006/tools.lnx86/jre1.50/lib/ext/dnsns.jar
f2996000-f2998000 rwxp f2996000 00:00 0 
f2998000-f2a16000 rwxp f2998000 00:00 0 
f2a16000-f2a5e000 rwxp f2a16000 00:00 0 
f2a5e000-f4a16000 rwxp f2a5e000 00:00 0 
f4a16000-f5234000 r-xs 00000000 00:19 8435924                            /Net/u_ece.ece/usr/ece/cadence.Linux/IC50.46.006/tools.lnx86/jre1.50/lib/charsets.jar
f5234000-f5248000 r-xs 00000000 00:19 8435365                            /Net/u_ece.ece/usr/ece/cadence.Linux/IC50.46.006/tools.lnx86/jre1.50/lib/jce.jar
f5248000-f52c1000 r-xs 00000000 00:19 8435927                            /Net/u_ece.ece/usr/ece/cadence.Linux/IC50.46.006/tools.lnx86/jre1.50/lib/jsse.jar
f52c1000-f532a000 rwxp f52c1000 00:00 0 
f532a000-f750d000 r-xs 00000000 00:19 8435926                            /Net/u_ece.ece/usr/ece/cadence.Linux/IC50.46.006/tools.lnx86/jre1.50/lib/rt.jar
f750d000-f7520000 r-xp 00000000 00:19 8435328                            /Net/u_ece.ece/usr/ece/cadence.Linux/IC50.46.006/tools.lnx86/jre1.50/lib/i386/libzip.so
f7520000-f7522000 rwxp 00012000 00:19 8435328                            /Net/u_ece.ece/usr/ece/cadence.Linux/IC50.46.006/tools.lnx86/jre1.50/lib/i386/libzip.so
f7522000-f7543000 r-xp 00000000 00:19 8435326                            /Net/u_ece.ece/usr/ece/cadence.Linux/IC50.46.006/tools.lnx86/jre1.50/lib/i386/libjava.so
f7543000-f7545000 rwxp 00020000 00:19 8435326                            /Net/u_ece.ece/usr/ece/cadence.Linux/IC50.46.006/tools.lnx86/jre1.50/lib/i386/libjava.so
f7545000-f757a000 r-xs 00000000 fd:02 4718630                            /var/run/nscd/db9KXxqD (deleted)
f757a000-f7a81000 r-xp 00000000 00:19 8435311                            /Net/u_ece.ece/usr/ece/cadence.Linux/IC50.46.006/tools.lnx86/jre1.50/lib/i386/server/libjvm.so
f7a81000-f7ae3000 rwxp 00506000 00:19 8435311                            /Net/u_ece.ece/usr/ece/cadence.Linux/IC50.46.006/tools.lnx86/jre1.50/lib/i386/server/libjvm.so
f7ae3000-f7efa000 rwxp f7ae3000 00:00 0 
f7efa000-f7f05000 r-xp 00000000 00:19 8435324                            /Net/u_ece.ece/usr/ece/cadence.Linux/IC50.46.006/tools.lnx86/jre1.50/lib/i386/libverify.so
f7f05000-f7f06000 rwxp 0000b000 00:19 8435324                            /Net/u_ece.ece/usr/ece/cadence.Linux/IC50.46.006/tools.lnx86/jre1.50/lib/i386/libverify.so
f7f06000-f7f0e000 rwxs 00000000 fd:00 65672                              /tmp/hsperfdata_ywu37/14174
f7f0e000-f7f14000 r-xp 00000000 00:19 8435309                            /Net/u_ece.ece/usr/ece/cadence.Linux/IC50.46.006/tools.lnx86/jre1.50/lib/i386/native_threads/libhpi.so
f7f14000-f7f15000 rwxp 00006000 00:19 8435309                            /Net/u_ece.ece/usr/ece/cadence.Linux/IC50.46.006/tools.lnx86/jre1.50/lib/i386/native_threads/libhpi.so
f7f15000-f7f16000 rwxp f7f15000 00:00 0 
f7f16000-f7f17000 r-xp f7f16000 00:00 0 
f7f17000-f7f18000 rwxp f7f17000 00:00 0 
ffa6a000-ffa6d000 ---p ffa6a000 00:00 0 
ffa6e000-ffc6a000 rwxp 7fffffe02000 00:00 0                              [stack]
ffffe000-fffff000 r-xp ffffe000 00:00 0 

VM Arguments:
jvm_args: -Dclient.xserver.version=11603000 -Dclient.xserver.vendor=Moba/X -Xss5M -Xms36M -Xmx1024M -XX:PermSize=24M -XX:MaxPermSize=48M -XX:NewSize=12M -Dswing.metalTheme=steel
java_command: COM.cadence.awd.session.ApplicationManager -log ade_wavescan.log -noui -exprlang Skill -mpssession icfb14154 -mpshost laplace

Environment Variables:
JAVA_HOME=
LD_LIBRARY_PATH=/Net/u_ece.ece/usr/ece/cadence.Linux/IC50.46.006/tools.lnx86/jre1.50/lib/i386/server:/Net/u_ece.ece/usr/ece/cadence.Linux/IC50.46.006/tools.lnx86/jre1.50/lib/i386:/Net/u_ece.ece/usr/ece/cadence.Linux/IC50.46.006/tools.lnx86/jre1.50/../lib/i386:/Amd/ece/cadence.Linux/IC50.46.006/share/java/COM/cadence/awd/skill/cmdlang/il:/Amd/ece/cadence.Linux/IC50.46.006/tools/dfII/lib:/Amd/ece/cadence.Linux/IC50.46.006/tools/mdl/lib:/Amd/ece/cadence.Linux/IC50.46.006/tools/mdl/expr/lib:/Amd/ece/cadence.Linux/IC50.46.006/tools/lib:/Amd/ece/cadence.Linux/IC50.46.006
SHELL=/bin/csh
DISPLAY=localhost:14.0
HOSTTYPE=x86_64-linux
OSTYPE=linux
MACHTYPE=x86_64

Signal Handlers:
SIGSEGV: [libjvm.so+0x4b8860], sa_mask[0]=0x7ffbfeff, sa_flags=0x10000004
SIGBUS: [libjvm.so+0x4b8860], sa_mask[0]=0x7ffbfeff, sa_flags=0x10000004
SIGFPE: [libjvm.so+0x3f00a0], sa_mask[0]=0x7ffbfeff, sa_flags=0x10000004
SIGPIPE: [libjvm.so+0x3f00a0], sa_mask[0]=0x00000000, sa_flags=0x00000000
SIGILL: [libjvm.so+0x3f00a0], sa_mask[0]=0x7ffbfeff, sa_flags=0x10000004
SIGUSR1: SIG_DFL, sa_mask[0]=0x00000000, sa_flags=0x00000000
SIGUSR2: [libjvm.so+0x3f23e0], sa_mask[0]=0x00000000, sa_flags=0x10000004
SIGHUP: [libjvm.so+0x3f1e10], sa_mask[0]=0x7ffbfeff, sa_flags=0x10000004
SIGINT: [libjvm.so+0x3f1e10], sa_mask[0]=0x7ffbfeff, sa_flags=0x10000004
SIGQUIT: [libjvm.so+0x3f1e10], sa_mask[0]=0x7ffbfeff, sa_flags=0x10000004
SIGTERM: [libjvm.so+0x3f1e10], sa_mask[0]=0x7ffbfeff, sa_flags=0x10000004


---------------  S Y S T E M  ---------------

OS:CentOS release 5.11 (Final)

uname:Linux 2.6.18-417.el5 #1 SMP Tue Dec 20 13:11:30 UTC 2016 x86_64
libc:glibc 2.5 NPTL 2.5 
rlimit: STACK 10240k, CORE 0k, NPROC 96116, NOFILE 65526, AS infinity
load average:2.16 2.03 2.01

CPU:total 4 family 79, cmov, cx8, fxsr, mmx, sse, sse2, ht

Memory: 4k page, physical 3004k(115k free), swap 12799k(12799k free)

vm_info: Java HotSpot(TM) Server VM (1.5.0_04-b05) for linux-x86, built on Jun  3 2005 02:09:05 by java_re with gcc 3.2.1-7a (J2SE release)

