#
# An unexpected error has been detected by HotSpot Virtual Machine:
#
#  SIGSEGV (0xb) at pc=0xad540eb6, pid=26469, tid=4160293568
#
# Java VM: Java HotSpot(TM) Server VM (1.5.0_04-b05 mixed mode)
# Problematic frame:
# C  [libwslicense.so+0xb4eb6]  nnllCu+0xca
#

---------------  T H R E A D  ---------------

Current thread (0x09fd2b28):  JavaThread "main" [_thread_in_native, id=26469]

siginfo:si_signo=11, si_errno=0, si_code=1, si_addr=0x00000000

Registers:
EAX=0xffb8a840, EBX=0xad5ddeac, ECX=0xad457000, EDX=0x00000000
ESP=0xffb8a838, EBP=0xffb8b464, ESI=0x00004440, EDI=0xffb8f1b4
EIP=0xad540eb6, CR2=0x00000000, EFLAGS=0x00010286

Top of Stack: (sp=0xffb8a838)
0xffb8a838:   00000000 ad5ddeac 00000000 00000000
0xffb8a848:   00000000 00000000 00000000 00000000
0xffb8a858:   00000000 00000000 00000000 00000000
0xffb8a868:   00000000 00000000 00000000 00000000
0xffb8a878:   00000000 00000000 00000000 00000000
0xffb8a888:   00000000 00000000 00000000 00000000
0xffb8a898:   00000000 00000000 00000000 00000000
0xffb8a8a8:   ffb8bb4c ffb8f1b4 ffb8b4ec ad5a5b1c 

Instructions: (pc=0xad540eb6)
0xad540ea6:   00 74 27 8b 45 fc 8b 50 0c 52 8b 45 fc 8b 50 10
0xad540eb6:   8b 02 50 8b 45 f0 83 c0 04 50 e8 3f 3c f6 ff 83 

Stack: [0xff995000,0xffb95000),  sp=0xffb8a838,  free space=2006k
Native frames: (J=compiled Java code, j=interpreted, Vv=VM code, C=native code)
C  [libwslicense.so+0xb4eb6]  nnllCu+0xca
C  [libwslicense.so+0x99da0]
C  [libwslicense.so+0x99c2a]  bXF3YF+0x13a
C  [libwslicense.so+0xa604f]
C  [libwslicense.so+0xa5e64]  ahAdHL+0x12c
C  [libwslicense.so+0xa5bb9]  fCzBTu+0x139
C  [libwslicense.so+0xea1bd]
C  [libwslicense.so+0xe83b8]
C  [libwslicense.so+0xe79dd]  c_2GIW+0x175
C  [libwslicense.so+0xe77a3]  xcDKeZ+0xa3
C  [libwslicense.so+0xdda54]  dspqj9+0x58a
C  [libwslicense.so+0xde0ee]  zCQJE7+0x5b
C  [libwslicense.so+0xded5e]  kCc1gQ+0x119
C  [libwslicense.so+0x19ecc]  Java_COM_cadence_awd_license_License_checkLicense+0x4c
j  COM.cadence.awd.license.License.checkLicense(Ljava/lang/String;D)Z+0
j  COM.cadence.awd.license.License.doLicenseCheck([Ljava/lang/String;[LCOM/cadence/awd/license/Product;)Z+32
j  COM.cadence.awd.session.ApplicationManager.main([Ljava/lang/String;)V+346
v  ~StubRoutines::call_stub
V  [libjvm.so+0x25174c]
V  [libjvm.so+0x3f1058]
V  [libjvm.so+0x25157f]
V  [libjvm.so+0x2748c2]
V  [libjvm.so+0x269087]
C  [java+0x17fe]
C  [libc.so.6+0x15edc]  __libc_start_main+0xdc

Java frames: (J=compiled Java code, j=interpreted, Vv=VM code)
j  COM.cadence.awd.license.License.checkLicense(Ljava/lang/String;D)Z+0
j  COM.cadence.awd.license.License.doLicenseCheck([Ljava/lang/String;[LCOM/cadence/awd/license/Product;)Z+32
j  COM.cadence.awd.session.ApplicationManager.main([Ljava/lang/String;)V+346
v  ~StubRoutines::call_stub

---------------  P R O C E S S  ---------------

Java Threads: ( => current thread )
  0xaf33b6d8 JavaThread "Low Memory Detector" daemon [_thread_blocked, id=26481]
  0xaf33a2b8 JavaThread "CompilerThread1" daemon [_thread_blocked, id=26480]
  0xaf3392f8 JavaThread "CompilerThread0" daemon [_thread_blocked, id=26479]
  0xaf338308 JavaThread "AdapterThread" daemon [_thread_blocked, id=26478]
  0xaf3374d0 JavaThread "Signal Dispatcher" daemon [_thread_blocked, id=26477]
  0xaf32df98 JavaThread "Finalizer" daemon [_thread_blocked, id=26476]
  0xaf32d298 JavaThread "Reference Handler" daemon [_thread_blocked, id=26475]
=>0x09fd2b28 JavaThread "main" [_thread_in_native, id=26469]

Other Threads:
  0xaf328f58 VMThread [id=26474]
  0xaf33cc58 WatcherThread [id=26482]

VM state:not at safepoint (normal execution)

VM Mutex/Monitor currently owned by a thread: None

Heap
 PSYoungGen      total 10752K, used 930K [0xeb860000, 0xec460000, 0xf2a20000)
  eden space 9216K, 10% used [0xeb860000,0xeb9488c8,0xec160000)
  from space 1536K, 0% used [0xec2e0000,0xec2e0000,0xec460000)
  to   space 1536K, 0% used [0xec160000,0xec160000,0xec2e0000)
 PSOldGen        total 24576K, used 0K [0xb2a20000, 0xb4220000, 0xeb860000)
  object space 24576K, 0% used [0xb2a20000,0xb2a20000,0xb4220000)
 PSPermGen       total 24576K, used 2895K [0xafa20000, 0xb1220000, 0xb2a20000)
  object space 24576K, 11% used [0xafa20000,0xafcf3c58,0xb1220000)

Dynamic libraries:
00aa8000-00ac3000 r-xp 00000000 fd:00 983869                             /lib/ld-2.5.so
00ac3000-00ac4000 r-xp 0001a000 fd:00 983869                             /lib/ld-2.5.so
00ac4000-00ac5000 rwxp 0001b000 fd:00 983869                             /lib/ld-2.5.so
00ac7000-00c1d000 r-xp 00000000 fd:00 983046                             /lib/libc-2.5.so
00c1d000-00c1f000 r-xp 00156000 fd:00 983046                             /lib/libc-2.5.so
00c1f000-00c20000 rwxp 00158000 fd:00 983046                             /lib/libc-2.5.so
00c20000-00c23000 rwxp 00c20000 00:00 0 
00c25000-00c3b000 r-xp 00000000 fd:00 983092                             /lib/libpthread-2.5.so
00c3b000-00c3c000 r-xp 00015000 fd:00 983092                             /lib/libpthread-2.5.so
00c3c000-00c3d000 rwxp 00016000 fd:00 983092                             /lib/libpthread-2.5.so
00c3d000-00c3f000 rwxp 00c3d000 00:00 0 
00c41000-00c44000 r-xp 00000000 fd:00 983853                             /lib/libdl-2.5.so
00c44000-00c45000 r-xp 00002000 fd:00 983853                             /lib/libdl-2.5.so
00c45000-00c46000 rwxp 00003000 fd:00 983853                             /lib/libdl-2.5.so
00c4e000-00c63000 r-xp 00000000 fd:00 983050                             /lib/libnsl-2.5.so
00c63000-00c64000 r-xp 00014000 fd:00 983050                             /lib/libnsl-2.5.so
00c64000-00c65000 rwxp 00015000 fd:00 983050                             /lib/libnsl-2.5.so
00c65000-00c67000 rwxp 00c65000 00:00 0 
00ca3000-00cca000 r-xp 00000000 fd:00 983874                             /lib/libm-2.5.so
00cca000-00ccb000 r-xp 00026000 fd:00 983874                             /lib/libm-2.5.so
00ccb000-00ccc000 rwxp 00027000 fd:00 983874                             /lib/libm-2.5.so
08048000-08056000 r-xp 00000000 00:19 8435289                            /Net/u_ece.ece/usr/ece/cadence.Linux/IC50.46.006/tools.lnx86/jre1.50/bin/java
08056000-08058000 rwxp 0000e000 00:19 8435289                            /Net/u_ece.ece/usr/ece/cadence.Linux/IC50.46.006/tools.lnx86/jre1.50/bin/java
09fce000-0a11c000 rwxp 09fce000 00:00 0                                  [heap]
ad457000-ad48c000 r-xs 00000000 fd:02 4718632                            /var/run/nscd/dbDxnaYu (deleted)
ad48c000-ad5d2000 r-xp 00000000 00:19 7847247                            /Net/u_ece.ece/usr/ece/cadence.Linux/IC50.46.006/tools.lnx86/dfII/lib/libwslicense.so
ad5d2000-ad5e0000 rwxp 00146000 00:19 7847247                            /Net/u_ece.ece/usr/ece/cadence.Linux/IC50.46.006/tools.lnx86/dfII/lib/libwslicense.so
ad5e0000-ad634000 rwxp ad5e0000 00:00 0 
ad634000-ad700000 ---p ad634000 00:00 0 
ad713000-ad720000 r-xp 00000000 00:19 7830390                            /Net/u_ece.ece/usr/ece/cadence.Linux/IC50.46.006/tools.lnx86/lib/libcls_sh.so
ad720000-ad722000 rwxp 0000c000 00:19 7830390                            /Net/u_ece.ece/usr/ece/cadence.Linux/IC50.46.006/tools.lnx86/lib/libcls_sh.so
ad722000-ad7bc000 r-xp 00000000 00:19 7830551                            /Net/u_ece.ece/usr/ece/cadence.Linux/IC50.46.006/tools.lnx86/lib/libstdc++.so.5.0.3
ad7bc000-ad7d1000 rwxp 00099000 00:19 7830551                            /Net/u_ece.ece/usr/ece/cadence.Linux/IC50.46.006/tools.lnx86/lib/libstdc++.so.5.0.3
ad7d1000-ad7d6000 rwxp ad7d1000 00:00 0 
ad7d6000-ad7e4000 r-xp 00000000 00:19 7830385                            /Net/u_ece.ece/usr/ece/cadence.Linux/IC50.46.006/tools.lnx86/lib/libcdsCommon_sh.so
ad7e4000-ad7e5000 ---p 0000e000 00:19 7830385                            /Net/u_ece.ece/usr/ece/cadence.Linux/IC50.46.006/tools.lnx86/lib/libcdsCommon_sh.so
ad7e5000-ad7e6000 rwxp 0000e000 00:19 7830385                            /Net/u_ece.ece/usr/ece/cadence.Linux/IC50.46.006/tools.lnx86/lib/libcdsCommon_sh.so
ad7e6000-ad7e9000 rwxp ad7e6000 00:00 0 
ad7e9000-ad81b000 r-xs 00000000 00:19 8326407                            /Net/u_ece.ece/usr/ece/cadence.Linux/IC50.46.006/share/java/jai-1_1_1_01/lib/jai_codec.jar
ad81b000-ad822000 r-xs 00000000 00:19 7830273                            /Net/u_ece.ece/usr/ece/cadence.Linux/IC50.46.006/share/java/jaxp.jar
ad822000-ad850000 r-xs 00000000 00:19 7830272                            /Net/u_ece.ece/usr/ece/cadence.Linux/IC50.46.006/share/java/crimson.jar
ad850000-ad8be000 r-xs 00000000 00:19 7830111                            /Net/u_ece.ece/usr/ece/cadence.Linux/IC50.46.006/share/java/symphony.jar
ad8be000-ad903000 r-xs 00000000 00:19 7831027                            /Net/u_ece.ece/usr/ece/cadence.Linux/IC50.46.006/share/java/wsutil.jar
ad903000-adb2c000 r-xs 00000000 00:19 7831026                            /Net/u_ece.ece/usr/ece/cadence.Linux/IC50.46.006/share/java/wavescan.jar
adb2c000-adb3a000 r-xs 00000000 00:19 7830698                            /Net/u_ece.ece/usr/ece/cadence.Linux/IC50.46.006/share/java/cds_srr.jar
adb3a000-adb63000 r-xs 00000000 00:19 7830699                            /Net/u_ece.ece/usr/ece/cadence.Linux/IC50.46.006/share/java/srr.jar
adb63000-adc26000 r-xs 00000000 00:19 8435364                            /Net/u_ece.ece/usr/ece/cadence.Linux/IC50.46.006/tools.lnx86/jre1.50/lib/ext/localedata.jar
adc26000-adc51000 r-xs 00000000 00:19 8435362                            /Net/u_ece.ece/usr/ece/cadence.Linux/IC50.46.006/tools.lnx86/jre1.50/lib/ext/sunpkcs11.jar
adc51000-adc77000 r-xs 00000000 00:19 8435361                            /Net/u_ece.ece/usr/ece/cadence.Linux/IC50.46.006/tools.lnx86/jre1.50/lib/ext/sunjce_provider.jar
adc77000-adc78000 ---p adc77000 00:00 0 
adc78000-adcf8000 rwxp adc78000 00:00 0 
adcf8000-adcfb000 ---p adcf8000 00:00 0 
adcfb000-ae1f9000 rwxp adcfb000 00:00 0 
ae1f9000-ae1fc000 ---p ae1f9000 00:00 0 
ae1fc000-ae27a000 rwxp ae1fc000 00:00 0 
ae27a000-ae27d000 ---p ae27a000 00:00 0 
ae27d000-ae2fb000 rwxp ae27d000 00:00 0 
ae2fb000-ae2fe000 ---p ae2fb000 00:00 0 
ae2fe000-ae37c000 rwxp ae2fe000 00:00 0 
ae37c000-ae37f000 ---p ae37c000 00:00 0 
ae37f000-ae87d000 rwxp ae37f000 00:00 0 
ae87d000-ae880000 ---p ae87d000 00:00 0 
ae880000-aed7e000 rwxp ae880000 00:00 0 
aed7e000-aed81000 ---p aed7e000 00:00 0 
aed81000-af27f000 rwxp aed81000 00:00 0 
af27f000-af280000 ---p af27f000 00:00 0 
af280000-af400000 rwxp af280000 00:00 0 
af403000-af41e000 r-xp 00000000 00:19 7829704                            /Net/u_ece.ece/usr/ece/cadence.Linux/IC50.46.006/tools.lnx86/lib/libvirtuos_sh.so
af41e000-af420000 rwxp 0001a000 00:19 7829704                            /Net/u_ece.ece/usr/ece/cadence.Linux/IC50.46.006/tools.lnx86/lib/libvirtuos_sh.so
af420000-af423000 rwxp af420000 00:00 0 
af423000-af424000 ---p af423000 00:00 0 
af424000-af4a4000 rwxp af424000 00:00 0 
af4a4000-af4a5000 ---p af4a4000 00:00 0 
af4a5000-af525000 rwxp af4a5000 00:00 0 
af525000-af526000 ---p af525000 00:00 0 
af526000-af5a6000 rwxp af526000 00:00 0 
af5a6000-af5a7000 ---p af5a6000 00:00 0 
af5a7000-af633000 rwxp af5a7000 00:00 0 
af633000-af63f000 rwxp af633000 00:00 0 
af63f000-af64b000 rwxp af63f000 00:00 0 
af64b000-af807000 rwxp af64b000 00:00 0 
af807000-af813000 rwxp af807000 00:00 0 
af813000-af81f000 rwxp af813000 00:00 0 
af81f000-af82b000 rwxp af81f000 00:00 0 
af82b000-af9e6000 rwxp af82b000 00:00 0 
af9e6000-af9ed000 rwxp af9e6000 00:00 0 
af9ed000-afa1f000 rwxp af9ed000 00:00 0 
afa1f000-b1220000 rwxp afa1f000 00:00 0 
b1220000-b2a20000 rwxp b1220000 00:00 0 
b2a20000-b4220000 rwxp b2a20000 00:00 0 
b4220000-eb860000 rwxp b4220000 00:00 0 
eb860000-ec460000 rwxp eb860000 00:00 0 
ec460000-f2a20000 rwxp ec460000 00:00 0 
f2a21000-f2a28000 r-xp 00000000 00:19 7830548                            /Net/u_ece.ece/usr/ece/cadence.Linux/IC50.46.006/tools.lnx86/lib/libgcc_s.so.1
f2a28000-f2a29000 rwxp 00007000 00:19 7830548                            /Net/u_ece.ece/usr/ece/cadence.Linux/IC50.46.006/tools.lnx86/lib/libgcc_s.so.1
f2a29000-f2a2a000 r-xp 00000000 00:19 7830392                            /Net/u_ece.ece/usr/ece/cadence.Linux/IC50.46.006/tools.lnx86/lib/libfastt_sh.so
f2a2a000-f2a2b000 rwxp 00000000 00:19 7830392                            /Net/u_ece.ece/usr/ece/cadence.Linux/IC50.46.006/tools.lnx86/lib/libfastt_sh.so
f2a2b000-f2a2d000 r-xs 00000000 00:19 8435363                            /Net/u_ece.ece/usr/ece/cadence.Linux/IC50.46.006/tools.lnx86/jre1.50/lib/ext/dnsns.jar
f2a2d000-f2a2f000 rwxp f2a2d000 00:00 0 
f2a2f000-f2aad000 rwxp f2a2f000 00:00 0 
f2aad000-f2af5000 rwxp f2aad000 00:00 0 
f2af5000-f4aad000 rwxp f2af5000 00:00 0 
f4aad000-f52cb000 r-xs 00000000 00:19 8435924                            /Net/u_ece.ece/usr/ece/cadence.Linux/IC50.46.006/tools.lnx86/jre1.50/lib/charsets.jar
f52cb000-f52df000 r-xs 00000000 00:19 8435365                            /Net/u_ece.ece/usr/ece/cadence.Linux/IC50.46.006/tools.lnx86/jre1.50/lib/jce.jar
f52df000-f5358000 r-xs 00000000 00:19 8435927                            /Net/u_ece.ece/usr/ece/cadence.Linux/IC50.46.006/tools.lnx86/jre1.50/lib/jsse.jar
f5358000-f53c1000 rwxp f5358000 00:00 0 
f53c1000-f75a4000 r-xs 00000000 00:19 8435926                            /Net/u_ece.ece/usr/ece/cadence.Linux/IC50.46.006/tools.lnx86/jre1.50/lib/rt.jar
f75a4000-f75b7000 r-xp 00000000 00:19 8435328                            /Net/u_ece.ece/usr/ece/cadence.Linux/IC50.46.006/tools.lnx86/jre1.50/lib/i386/libzip.so
f75b7000-f75b9000 rwxp 00012000 00:19 8435328                            /Net/u_ece.ece/usr/ece/cadence.Linux/IC50.46.006/tools.lnx86/jre1.50/lib/i386/libzip.so
f75b9000-f75da000 r-xp 00000000 00:19 8435326                            /Net/u_ece.ece/usr/ece/cadence.Linux/IC50.46.006/tools.lnx86/jre1.50/lib/i386/libjava.so
f75da000-f75dc000 rwxp 00020000 00:19 8435326                            /Net/u_ece.ece/usr/ece/cadence.Linux/IC50.46.006/tools.lnx86/jre1.50/lib/i386/libjava.so
f75dc000-f7611000 r-xs 00000000 fd:02 4718630                            /var/run/nscd/db9KXxqD (deleted)
f7611000-f7b18000 r-xp 00000000 00:19 8435311                            /Net/u_ece.ece/usr/ece/cadence.Linux/IC50.46.006/tools.lnx86/jre1.50/lib/i386/server/libjvm.so
f7b18000-f7b7a000 rwxp 00506000 00:19 8435311                            /Net/u_ece.ece/usr/ece/cadence.Linux/IC50.46.006/tools.lnx86/jre1.50/lib/i386/server/libjvm.so
f7b7a000-f7f91000 rwxp f7b7a000 00:00 0 
f7f91000-f7f9c000 r-xp 00000000 00:19 8435324                            /Net/u_ece.ece/usr/ece/cadence.Linux/IC50.46.006/tools.lnx86/jre1.50/lib/i386/libverify.so
f7f9c000-f7f9d000 rwxp 0000b000 00:19 8435324                            /Net/u_ece.ece/usr/ece/cadence.Linux/IC50.46.006/tools.lnx86/jre1.50/lib/i386/libverify.so
f7f9d000-f7fa5000 rwxs 00000000 fd:00 65647                              /tmp/hsperfdata_ywu37/26469
f7fa5000-f7fab000 r-xp 00000000 00:19 8435309                            /Net/u_ece.ece/usr/ece/cadence.Linux/IC50.46.006/tools.lnx86/jre1.50/lib/i386/native_threads/libhpi.so
f7fab000-f7fac000 rwxp 00006000 00:19 8435309                            /Net/u_ece.ece/usr/ece/cadence.Linux/IC50.46.006/tools.lnx86/jre1.50/lib/i386/native_threads/libhpi.so
f7fac000-f7fad000 rwxp f7fac000 00:00 0 
f7fad000-f7fae000 r-xp f7fad000 00:00 0 
f7fae000-f7faf000 rwxp f7fae000 00:00 0 
ff995000-ff998000 ---p ff995000 00:00 0 
ff999000-ffb95000 rwxp 7fffffe02000 00:00 0                              [stack]
ffffe000-fffff000 r-xp ffffe000 00:00 0 

VM Arguments:
jvm_args: -Dclient.xserver.version=11603000 -Dclient.xserver.vendor=Moba/X -Xss5M -Xms36M -Xmx1024M -XX:PermSize=24M -XX:MaxPermSize=48M -XX:NewSize=12M -Dswing.metalTheme=steel
java_command: COM.cadence.awd.session.ApplicationManager -log ade_wavescan.log -noui -exprlang Skill -mpssession icfb26440 -mpshost laplace

Environment Variables:
JAVA_HOME=
LD_LIBRARY_PATH=/Net/u_ece.ece/usr/ece/cadence.Linux/IC50.46.006/tools.lnx86/jre1.50/lib/i386/server:/Net/u_ece.ece/usr/ece/cadence.Linux/IC50.46.006/tools.lnx86/jre1.50/lib/i386:/Net/u_ece.ece/usr/ece/cadence.Linux/IC50.46.006/tools.lnx86/jre1.50/../lib/i386:/Amd/ece/cadence.Linux/IC50.46.006/share/java/COM/cadence/awd/skill/cmdlang/il:/Amd/ece/cadence.Linux/IC50.46.006/tools/dfII/lib:/Amd/ece/cadence.Linux/IC50.46.006/tools/mdl/lib:/Amd/ece/cadence.Linux/IC50.46.006/tools/mdl/expr/lib:/Amd/ece/cadence.Linux/IC50.46.006/tools/lib:/Amd/ece/cadence.Linux/IC50.46.006
SHELL=/bin/csh
DISPLAY=localhost:14.0
HOSTTYPE=x86_64-linux
OSTYPE=linux
MACHTYPE=x86_64

Signal Handlers:
SIGSEGV: [libjvm.so+0x4b8860], sa_mask[0]=0x7ffbfeff, sa_flags=0x10000004
SIGBUS: [libjvm.so+0x4b8860], sa_mask[0]=0x7ffbfeff, sa_flags=0x10000004
SIGFPE: [libjvm.so+0x3f00a0], sa_mask[0]=0x7ffbfeff, sa_flags=0x10000004
SIGPIPE: [libjvm.so+0x3f00a0], sa_mask[0]=0x00000000, sa_flags=0x00000000
SIGILL: [libjvm.so+0x3f00a0], sa_mask[0]=0x7ffbfeff, sa_flags=0x10000004
SIGUSR1: SIG_DFL, sa_mask[0]=0x00000000, sa_flags=0x00000000
SIGUSR2: [libjvm.so+0x3f23e0], sa_mask[0]=0x00000000, sa_flags=0x10000004
SIGHUP: [libjvm.so+0x3f1e10], sa_mask[0]=0x7ffbfeff, sa_flags=0x10000004
SIGINT: [libjvm.so+0x3f1e10], sa_mask[0]=0x7ffbfeff, sa_flags=0x10000004
SIGQUIT: [libjvm.so+0x3f1e10], sa_mask[0]=0x7ffbfeff, sa_flags=0x10000004
SIGTERM: [libjvm.so+0x3f1e10], sa_mask[0]=0x7ffbfeff, sa_flags=0x10000004


---------------  S Y S T E M  ---------------

OS:CentOS release 5.11 (Final)

uname:Linux 2.6.18-417.el5 #1 SMP Tue Dec 20 13:11:30 UTC 2016 x86_64
libc:glibc 2.5 NPTL 2.5 
rlimit: STACK 10240k, CORE 0k, NPROC 96116, NOFILE 65526, AS infinity
load average:0.01 0.02 0.00

CPU:total 4 family 79, cmov, cx8, fxsr, mmx, sse, sse2, ht

Memory: 4k page, physical 3004k(12k free), swap 12799k(12799k free)

vm_info: Java HotSpot(TM) Server VM (1.5.0_04-b05) for linux-x86, built on Jun  3 2005 02:09:05 by java_re with gcc 3.2.1-7a (J2SE release)

