\o Program:		@(#)$CDS: libManager.exe version 5.0.2 01/23/2007 12:28 (ocelot-linux.Cadence.COM) $
\o Sub version:		sub-version 03.01-s042
\o Arguments:		-mpssession icfb29109 -mpshost laplace 
\o Working Directory:	laplace:/Net/hschool.seas/home/school/courses/ECE205/work_libs/ywu37
\o Extended color mode (TrueColor 32 0x41) in use.
\o Loading customization file "./cdsLibMgr.il"
\o Loading NCSU Library Manager customizations...done.
\o Library Manager customization server connected.
MPS service: map window
\o Log file is "/Net/hschool.seas/home/school/courses/ECE205/work_libs/ywu37/libManager.log".
Opening libManager window.
Main selection: CAD2 function
\o Opening design file through session server.
MPS request: edit design
MPS request: update library list
MPS request: update library list
Main selection: CAD2 function layout
\o Opening design file through session server.
MPS request: edit design
Main selection: CAD2 nand2 layout
\o Opening design file through session server.
MPS request: edit design
Main selection: CAD2 Inverter
\o Opening design file through session server.
MPS request: edit design
Main selection: CAD2 Inverter layout
MPS request: update library list
\o Opening design file through session server.
MPS request: edit design
Main selection: CAD2 nand2
\o Opening design file through session server.
MPS request: edit design
Main selection: CAD2 nand2 layout
MPS request: update library list
\o Opening design file through session server.
MPS request: edit design
Main selection: CAD2 Inverter layout
\o Opening design file through session server.
MPS request: edit design
Main selection: CAD2 nand2
\o Opening design file through session server.
MPS request: edit design
Main selection: CAD2 nand2 layout
MPS request: update library list
\o Opening design file through session server.
MPS request: edit design
\o Opening design file through session server.
MPS request: edit design
\o Opening design file through session server.
MPS request: edit design
MPS service: shutdown
\o libManager is exiting.
